<?xml version="1.0" encoding="UTF-8"?>
<robot generator="Robot 6.1.1 (Python 3.11.5 on win32)" generated="20230915 18:00:24.713" rpa="false" schemaversion="4">
<suite id="s1" name="Nuclone-Appium-Robot-Master" source="C:\Automacao\Cursos\nuclone-appium-robot-master">
<suite id="s1-s1" name="Balance" source="C:\Automacao\Cursos\nuclone-appium-robot-master\balance.robot">
<test id="s1-s1-t1" name="Show My Balance" line="5">
<kw name="Open Application" library="AppiumLibrary">
<arg>http://localhost:4723/wd/hub</arg>
<arg>automationName=UiAutomator2</arg>
<arg>platformName=Android</arg>
<arg>deviceName=sdk_gphone_x86</arg>
<arg>app=${EXECDIR}/app/nuclone.apk</arg>
<arg>udid=emulator-5554</arg>
<doc>Opens a new application to given Appium server.
Capabilities of appium server, Android and iOS,
Please check https://github.com/appium/appium/blob/master/docs/en/writing-running-appium/server-args.md
| *Option*            | *Man.* | *Description*     |
| remote_url          | Yes    | Appium server url |
| alias               | no     | alias             |
| strict_ssl          | No     | allows you to send commands to an invalid certificate host like a self-signed one. |</doc>
<status status="PASS" starttime="20230915 18:00:24.888" endtime="20230915 18:00:34.936"/>
</kw>
<kw name="Wait Until Element Is Visible" library="AppiumLibrary">
<arg>accessibility_id=card-hero</arg>
<arg>10</arg>
<doc>Waits until element specified with `locator` is visible.</doc>
<status status="PASS" starttime="20230915 18:00:34.936" endtime="20230915 18:00:41.688"/>
</kw>
<kw name="Click Element" library="AppiumLibrary">
<arg>accessibility_id=show-balance</arg>
<doc>Click element identified by `locator`.</doc>
<msg timestamp="20230915 18:00:41.690" level="INFO">Clicking element 'accessibility_id=show-balance'.</msg>
<status status="PASS" starttime="20230915 18:00:41.688" endtime="20230915 18:00:41.774"/>
</kw>
<kw name="Wait Until Element Is Visible" library="AppiumLibrary">
<arg>accessibility_id=user-balance</arg>
<arg>10</arg>
<doc>Waits until element specified with `locator` is visible.</doc>
<status status="PASS" starttime="20230915 18:00:41.774" endtime="20230915 18:00:41.840"/>
</kw>
<kw name="Element Text Should Be" library="AppiumLibrary">
<arg>accessibility_id=user-balance</arg>
<arg>R$ 5.500,00</arg>
<doc>Verifies element identified by ``locator`` exactly contains text ``expected``.</doc>
<msg timestamp="20230915 18:00:41.842" level="INFO">Verifying element 'accessibility_id=user-balance' contains exactly text 'R$ 5.500,00'.</msg>
<status status="PASS" starttime="20230915 18:00:41.841" endtime="20230915 18:00:42.475"/>
</kw>
<kw name="Capture Page Screenshot" library="AppiumLibrary">
<doc>Takes a screenshot of the current page and embeds it into the log.</doc>
<msg timestamp="20230915 18:00:42.659" level="INFO" html="true">&lt;/td&gt;&lt;/tr&gt;&lt;tr&gt;&lt;td colspan="3"&gt;&lt;img src="data:image/png;base64, iVBORw0KGgoAAAANSUhEUgAAAwAAAAUACAYAAADwUTW0AAAAAXNSR0IArs4c6QAAAARzQklUCAgI
CHwIZIgAACAASURBVHic7N15fJTlvf//9yzZN7KRQCBhD/siSxBQZFNxFy2u4G5Ptba/tqetp8vp
ZpfvOa2np63aYyllUWvRYsVWUESURTYB2QlLIEAgkSRkXyaZmd8fMUMmM0kmyUwm5H49Hw8eZu65
l2uCCdf7vq/rc5l+OmypUwAAAAAMwRzsBgAAAADoOgQAAAAAwEAIAAAAAICBEAAAAAAAAyEAAAAA
AAZCAAAAAAAMhAAAAAAAGAgBAAAAADAQa7AbAE8mi0kRsWGa9+xkjb19iGRqtoNTOvDPk3r/FztV
XVorp5213AAAAOAbEysBdyMmaeojozXvO5PldDplMjfv+btzOpwymUza8JtP9cmSA1KQ/yYz56Yr
ZXiCwmNDlToiUZKUf6RINWU2FRwpVvaGM8FtIAAAAHgC0C2YpP5XpejhV29y3e03mVrv/EtyBYQ5
35qk3F35yvvsYiBb6VWvtGhd+9XxypybofDYUI/3M6akur6uKbMp+4NcbfrDZyrJq+jKZraoMbT4
4tiGM8o/UhzgFgEAYCypIxIU1zdaKSPc/z0uOFKs0vMV3fbf3vDYUNWU2fxyrowpqVq8cr7X91Ys
Wqvcnfl+uU4jAkCQmSwm3fnrmRo1f6DnUB+fTyLN++4ULbv/X+ozMlH5R4u7ZFjQzGcm6Nqvjvd5
//DYUI1bMFTjFgzVx7/fq01/+CyArWvbuAVDddsvZ/i8/8xnJmjNf2zRvtXHA9gqAAB6tvDYUGXO
SVfm3Axlzk336ZjsD84o+4NcZW8447dOd2eMWzBUvdKi9fHv9wa7KR1CAAgik8Wkr7y7QIkDYjt9
rn7jk2Uym1RxsVpPr7tLL9z494CFgPDYUC18YY7b3f32mvnMBA3I6qNVT28Iyg9yezv/ja796ngC
AAAAHdDWqIHWZM5NV+bc9G4xmqCxD9HZG5lNRyH0Sotu+Xp3DnH1ufw1pDpgASBxQKxi+0Sppsym
wpxS1VXX++3cMSmRShwQJ4fdocKcUlUV13Tp8X5hkhY8f51fOv9Sw3Ags9mkiqJq9eoXrbt/O0tv
fO1Dv88LCI8N1aIV85U6wrdhM63JmJKqRSvma+XitV0aApp2/jf94TNXev9h9iOux2yNj+J+lvkX
SZefdrT2AwoAALxr76iBlgR7NEFHbyA2d8P3szRl8Uifr9nUzhWH9d7Pd3Tq+n4NAGarWdd8ZZzG
3jnEraNkq6xTztbz2vDrT1WcW9bh80/40jBNfnCEeg+Ld41/d9gdyj9UpG1LD+nw2lMBPd6f+k/o
rRHXZ/jtfE6HUzG9I1VRWC2pIVVmTE71+5ixhS/Mcev85+7MV/YHZ5R/pEi9+sUoY0qqxt05xO2Y
fW+dUO7OfJWcK1fqiMSGtn2RZFNHJGjhC3O0YtFav7azJf76wQUAAG1LHZGgW395jV9uHDY385kJ
ypyboXf+Y3OXzBPwZx/C1/mH/j62kd8CgDXMontemqtB0/t6vBcaFaLh12eo/8QU/fWJ93XhUFG7
z3/zz6brqoXDPLabLWb1HZusBc/PVOqIBH34/O6AHO9PJrNJD716U5tVftorLDpEYTGhrvMuWn6j
fj5quZwO/zwGmPnMBLdhP9kbzmjVUxtcr3N35mvf6uMqOFKs6783RZL0/i92asfyQ2777Fh+SAtf
nKPMOQ3j/jKmpGrmMxMCPo6Ozj8AAF0nc266bvvlNe0e7tMeqSMStGjFfK16eoPfb3o21dP6EH5b
CGzes1PcOv8XT5Ro/9sndXrHBVcHNCoxXLf/v2vbfe7Ji0a4dd7L8it1YM1JHXr3lGv4jsls0rQn
xmjkjQP8fry/ZT00ssXOv9PudP1p7/Adh8Opifdmul6bzCZd/djozjTVpXHcXlNrnt3sdd8dyw+p
4GixCo4Wu3X+Wzs20MNretoPLgAA3dm4BUO18IU5Ae38NwqPDdXilfM9hsr4S0/sQ/jlCUDigFhN
uPvyNz37gzNa9fTlO8MT7x2u+T+aKpPZpOShvTT1kVHa/hfvHUNvpiy6PEYq/3CRVj60zjVmvFda
tBatuFG9+sXIZDYp6+FROrzutF+P9yeTxaR5353ieu20O2WymHTi43Pa/NI+FeWUyul0auwdQ5Q8
NF6fZxdrzr9PUkiEtSEQtPLQoKbUplE3D3LbNvubE7Vt6cFOTwi+9pkJntdrZdx+W2P6vb1/7TMT
WgwVndETf3ABAOjOsh7ybXy7v6/p70IdzfsQa/5jS4/oU/glAIy5fYgsoRZJUn2tXRv+e5fb+7tf
P6rB16a5hnyMunmQRwBIG5+sMbcOVsXFKm3/yyHV19olSf0npigh4/JE2c0v7XPrPJbkVWjH8sO6
4ftZDecZm6zY1CiV5Vf65Xh/i4gNa3giYpLOfFqglQ+tk9liUsaUVD3y+s2uxb1kkv7v1n/o82OX
9OlrR+V0ONV3TJIeeuUmWcMsHkHAZGqYABwWHeJ5zbiwTk90Hu5jma5GjRNp26Px/w9/a+0H9dqv
jnd7stG8Bu8Psx8JSJsAAOjJVixaqyffvl1xfbumeEbp+Qq/zye85efTNeHuyyNIGkuB94QA4Jch
QE0ndhQcLVbRac+Jvtnrc932D4u5/EgoLCZU9/5xriY/OEKzvjFRN/xgquu9tHHJrq/rqut17MOz
Huc+8t5p19cmi0n9J/b22/H+Nu/ZySo8VarnRi7TyofWacjMfvregYf0wNIbGq5vbuj8O+1OfX78
kiS5hlCdP1CoX01YqTe/vtHjjr7T4dSI6wd4DC0ymU2a/59T1RmZc9Pd/r581dox3h4JhseG+lwP
GAAAdF81ZTatemqDassDX+WvtrzhWv6sKNhS57+n8EsAiOgV5vq6sQpNcwVHL8/ONlvNbh3zuD5R
iowPd71OGhTn+rrpuPDKomo56h0e5y4vqHL7S49Pv3zHv7PH+9v5A4X64y1vSZKefu8u3fvSXK/D
euz1Dq+rATsdTh1577SeG7VMtqo61/YD/8zRrb+Y7vWaI+cP7FSbU0ckdvC4BGU9NMrre7f96hq/
XgsAAHQv+UeK9d4vdgb8Om8/698qQD298y/5KQDY6y53qsNbuOtbXVrr9joy/nJo+PzYJdfMbbvN
roP/zHG9Fxp1eUhLXY29xTbU1VxeZ6DpMJjOHu9vu145IkuIRc/uXaT49JgWx/S3uW6CU/qvSa+q
6lKN5JTO7MxXaERg2h3Xicm5139vim775QzXIhZTFo/U4pXzWxzu0xWThQAAQNfYt/p4QGv1b/rD
Z8r+oPMLYzUyQudf8tMcgNILl8fLJw2KkzXM4hrD3yikWec0JMz90isWrVXauGRVXKxS6fnL57OG
WVxfO50tT2RtOiQmJPzyuTt7vL+ZLCY9+9mDMltaz1415bZW2ys1tPl/pv9NX/voS7r5Z9NanSDc
GZ2tztO4YIcv/FHbFgAAdB8f/36v4tKiPdYJ6qx9b53wawnx5p1/ST2y8y/56QlA7o4Lrq+jkiI0
eZH7zG+z1ax5z05222arrlNzefsuunX+JcnLKJg2NT2ms8f72w8OPdxm57+9opMi/L6mAAAAgL+8
/4sdbsPBO6vgaLHe/0XnVsNtylvnvyfzy63u/W+f1DVPX67jft0zExSdFKGzuwsUkxKpcQuGqs8o
97HdlYWdq0pzxfKxnx4eEyqTydTqUwCTxaSvb1oY8M5/SV6F/Ldmcev8+csBAAB0D42Tgp98+/YO
FRZpyt+Tfo3W+Zf89ATAUe/Qxud3uybYWsMtmvrIKH3pD7N14w+nqs+oRI8x7b6W2WxjFEybx3T2
+GAJiWgjm5mkb+98QNFJEQFvS2leRcCv0cifM/gBAED3UZLnn1KdKxatVYmf+iZG7PxLflwJ+OA/
c/Tuj7ep0ksVoIKjxdr42z2u15WF1SrO9SwV6o3ddnkugbeqOK73LJffazqht7PH+9vRJuVQW2Ox
mr3e/TeZTRo2O10/OPSwz5OVj77v2zVbkn+kqFPHd9drAQCArpV/pFhr/mNLh49f8x9b/Fbxx6id
f8lPQ4Aa7X3jmA7+M0eZc9OVkB4rp1O6cLBQJzad09zvXJ4DcOGw75282orLcwVauyvedOKurfLy
MZ093t/e/dEnypyT3uawHZPFpKRBvVR4skQms0lOh1OpIxL08F9vbmirj6N+nA6n3v3xJ51qc/YH
Z1Rbbuv0I7u21Jbb/DqTHwAAdD/7Vh9XxpTUdk8K3vfWCb9NyjVy51/ycwCQGspXHnwnx22bNcyi
ETcOcL0+s6vA5/OVnr/8iCc6MUJmq9mjln9MSqRb+dGmTxc6e7y/VZXUtr3TFxb8z0x9+soRzf3O
5IbOt1MdqvTTnmu25OgHZ9r1g9reVYAbrwEAAHq+Nc9uVq+0aJ/7C7k787Xm2c1+ubbRO/+SH4cA
teaG72W5JghXl9Zqz6psn489t/dz19fWcIvX+vGZc9JdHWOn3el2TGeP9zen3elzPdzeQ+M14UvD
Lt9570Dn/+Pf7/VYNbgjNnkps9Vazf721vOvLbd5vQYAAOiZVj29wafiHwVHi7Xq6Q1+uSad/wYB
DQBp45K18IU5uureTNe2rS8fULWXO9Jp45N14w+nasa/jXWr3X92z+cqOn35jvy0J8a4DeWJ6BWm
KYsvlx09f6DQrZRoZ48PhM0v7ZPT0Xan3GQ2qepSbYeX0XY6nNryx/0dOra5krwKj+By2y+9r+ab
9dCodtfz37H8sN8m9AAAgO6vpsymNc9ubrWfU1vesI8/ioTQ+b/M70OAFvzPdUrIiFV0coRieke6
vbfvrRPatuSAxzFhMaG6949zFRkfLkmKS4vRv3641fX+p68e0Q3fz5Ik9R2TpCfeuk0nNp2T2WzW
0Fn91KtfTMOOTmnnK4c9zt/Z4/3N6XDqtSfW64El17d5V3/wNWn64y3/0JNv3y5LSDvymlN67fH3
fQoavvr493uVMSXV9bguc266Fq+cr6Prc1VwtNj1KM/XRb8a5e7M9+tCHgAA4MqQf6RYbz+7WQtf
mOP1/bef3eyXSb90/t35PQCkjUv2WDm2vsauHSsO6cPf7PZ6TFyfKFfnX2pYTbipnSsOq8+oRI29
o2EMeuLAOCUOdN9Hkna9csRj/oE/jg+EnK15OrklT4OvSWt1P5PZpK/86049N2qZnt2zSNZwS6v7
Nzqx+ZxyPjnvj6a6WfX0Bi1eOd91h79pIOgIfz7WAwAAV57sD87o/V/s1PXfm+K2/f1f7PRLcRA6
/578HgAa1dfYVXymTGd25WvPqmOtjvH6/Ngl5e7MV8aUVNltdh38p2cn/O3vblbB0WJNXjTSI2AU
55Zpx7JD+vS1oy1eo7PH+51T+uuX1+uZD76kuL5Rre9ralhB+LlRyzT65kG6/VfXuJUtba70fIVe
/7cPGiYN+1lNmU0rFq3VwhfmdKrjLzXc+V/1tP8W8miJPysYNZ1UDgAA/GPH8kNKGZHgKjiy760T
2rH8UKfP29nO/w+zH+l0G7oj00+HLfVrNzEhI1a2qnpVXKxq97Fp45JVcbGqzTH4aeOSlZAeK0kq
zCnRhUPtqx3f2eP9yWQx6b7/m6fBM9LaHA7kqHfov6e8JltVnWb9fxM17fHRMlu+GBZkkuSUTm7J
06qnN6jPqERdPFGiuup62escrZ63o2Y+M0HXfnV8u4+rLbdpx/LDXTbsZ9yCobrtlzP8cq41/7HF
byXIAADAZeGxoVq8cr6khsW+OnuDMNB3/jf94bMO92UWr5zf4RupuTvzO72gmt8DADrAJA25pp/u
e3le25V+nNJb//6xDr17Sk6nU2FRIRp18yANviZN+1af0LGNZ2QymTQgK1VxfaN15tOCgJY17ZUW
rWufmaDhc9PbvMteW27T0Q/OaNPv93b5hN/UEQnKnJvRqXNkf5Drt8VHAACAp8Yqgp3t/Mf1jdbt
/897sZL2yN2Z3+J7p3dcaPX91qSOSNDilfPbPUKhtrxhJEZn+yMEgG7EZDZp5jMTdM1XxsnpdLa8
WJhTqiqp0YpFa3XxeMkXBysgQ37aI3NuulJHJCo8NtQ1R6DgaLFqymzKP1LEIl8AAADdAAGgGzKZ
TYqMD9NNP56m4dd7v2t99P1cvfvjT1RZVNPFrQMAAMCVjAAAAAAAGEiXrAQMAAAAoHsgAAAAAAAG
QgAAAAAADIQAAAAAABgIAQAAAAAwEAIAAAAAYCAEAAAAAMBACAAAAACAgRAAAAAAAAMhAAAAAAAG
QgAAAAAADIQAAAAAABgIAQAAAAAwEAIAAAAAYCAEAAAAAMBACAAAAACAgRAAAAAAAAMhAAAAAAAG
QgAAAAAADIQAAAAAABgIAQAAAAAwEAIAAAAAYCAEAAAAAMBACAAAAACAgRAAAAAAAAMhAAAAAAAG
QgAAAAAADIQAAAAAABgIAQAAAAAwEAIAAAAAYCAEAAAAAMBACAAAAACAgRAAAAAAAAMhAAAAAAAG
QgAAAAAADIQAAAAAABgIAQAAAAAwEAIAAAAAYCAEAAAAAMBACAAAAACAgRAAAAAAAAMhAAAAAAAG
QgAAAAAADIQAAAAAABgIAQAAAAAwEAIAAAAAYCAEAAAAAMBACAAAAACAgRAAAAAAAAMhAAAAAAAG
QgAAAAAADIQAAAAAABgIAQAAAAAwEAIAAAAAYCAEAAAAAMBACAAAAACAgRAAAAAAAAMhAAAAAAAG
QgAAAAAADIQAAAAAABgIAQAAAAAwEAIAAAAAYCAEAAAAAMBACAAAAACAgRAAAAAAAAMhAAAAAAAG
QgAAAAAADIQAAAAAABgIAQAAAAAwEAIAAAAAYCAEAAAAAMBACAAAAACAgRAAAAAAAAMhAAAAAAAG
QgAAAAAADIQAAAAAABgIAQAAAAAwEAIAAAAAYCAEAAAAAMBACAAAAACAgRAAAAAAAAMhAAAAAAAG
QgAAAAAADIQAAAAAABgIAQAAAAAwEAIAAAAAYCAEAAAAAMBACAAAAACAgRAAAAAAAAMhAAAAAAAG
QgAAAAAADIQAAAAAABgIAQAAAAAwEAIAAAAAYCAEAAAAAMBACAAAAACAgRAAAAAAAAOxBrsBAOCN
yWKSnFJMSqTi+8eorrpelUXVqiyuUX2NPdjNAwDgikUAANCthEWHKOuhUZp0/3BFxIfJbnOo3maX
2WyS2WqWJdSsysIandySp5Ob85SzNU81ZbZgNxsAgCuG6afDljqD3QgAkKQ5/z5Jkx8cIUkKibDK
YXeorqpeTqdkMklmq1nWMItM5oanA7WVdTJbTMrecEbb/nxQ+YeLgvwJAADo/ngCAKBbmPm1CZqy
aKSsYRbJJJVdqNT+t0/qwqFCVZfUKqJXmKISIhTdO0JDr+uv3kN7SZJCwq0aNX+gMuekqzCnVG9/
d5MuHi8J8qcBAKD74gkAgKDrN6G3Hnn9ZjntTpksJr366HvK2Xq+1WMsoRb1G5+s6V8eq4zJqQ3b
Qsyy2xzasypbH/1ur2rLGRoEAEBzBAAAQXfX/87SyBsGqN5m10s3vaWSc+XtOj6md6SmPjpak+4b
LkuoWfW1dlWX1mr5A2vbfS4AAHo6yoACCC6TNCArVTJJefsudqjDXv55ldb/aqeW3L1G+UeKJUkx
yZF68h+3KSEj1t8tBgDgikYAABBcTik8JlSSdPFE58buXzxeoiUL1mjHskOqt9kVFhOqp9+/SymZ
8f5oKQAAPQIBAEDQmUwmSZLT7p8RiRt/u0fv/2qn6/WilfMVGR/ul3MDAHClIwAA6DacTv9NSdrz
eraOvHdaddX1Co0M0cIX5zSUDwUAwOAoAwqgS6VkxitzboYSB8bJEtpwD8JkaeiYT1k8UjEpkV6P
qyyqUUlehY5vPKvCk74NFXrzaxt19+9maejM/uo9LF5X3ZOp3X896rGfNcyi2d+cqJThCa2er/RC
pd7/xY4OLzzWb0JvTX5ghKKTI1rcx17v0OntF/TJnw506BoAALSFKkAAukSf0Um65WfTlDgwrmFF
35D2P4Csr7HL6XSq5FyF3v/VTuVsyWvzGEuoRd/adp/CokNUnFumF67/u9v7JrNJPzjysOx1jjbb
1Fim9Pdz3mz3ZOW0ccl6dNUtPu1bX2vXyc15WvX0hnZdA96Fx4Yq66FRik+PUcm5Cu1YfkjVJbXB
bhYABA1PAAAE3OhbBumW56bLGmaRo94hp8MpW2WdnI6G+w9hX0wCluS1dr/TKYVGWeV0OmW2mJQ8
tJce+PP1+uC/P9W2Ja3fKbfb7Nq54pCufnSMopMjlD45VWd25bveHz4vw9UmSSovqPJ6HmuYRRG9
wuS0OzX9yTH6139+4vPnN1lMevAvN7heV12qkd3m8LpvTEqkLFazBs9IU3z/GF06678ypnO/PUkJ
A+Pa3M9R71BNuU1VRTU699nnytl6XvW1dr+1oytZwyxa/Mp8pWRefroz/PoMLV34T9kq64LYMgAI
HgIAgIDqN6G37vzNTEkNnfHP/n5cm17Yp4qLlzvaPzj8sEwWk3auOKz3fr6jxXMlZMRq0v3DddU9
mQqJsGr2N66SNdSizS9+1mobti1tCAChESGa+vAotwAQER8me51DJpNJv5u1SqXnK1s8T2M7Y1Oj
fP34khqeHIRGhUiSLhwq0pIFa1rcd9jsdN39v9ep3mZXZEK4XwNARlYf9R2T1O7jqi7V6OA7Odr8
0j5VFdf4rT1dIXNuulvnX5KSh/TSiOsztO+tE0FqFQAEFwEAQMD0HhqvRctvdL3+14+2ad/q4y3u
39Yk4OLcMr3/y506/tFZPbjsRpmtZk17YrTO7S3QqW0XWjyuttymkrxyJQ3upb5jm3WAv7ikw+GQ
ydz6EKDqstoOVxMqu1Cp2D5Rqq1off6A2WJy3W3345zoTomMD9eUxSM1ZGY/vfO9LTrzaUGwm+Qz
i9X736m34V6Zc9M149/GuW0rPV+hN7+2MSBtA4BgoQoQgIC58T+nymw1qa66Xv/64dZWO//S5XKg
bTm17YJee+x92escCo0I0bxnp7R5TGFOqSQpKjHcNem4S/WAAkQJGbG6+39ntTlZujs5/vE5leRV
uG0ru1Cp7A/PeuwblRShvmOS3P70zrxyPisA+IonAAACIjY1SmnjkmWSSdkbzmjPqmNtHtOeMqAn
t+Rpz9+yddU9mUocENfmePn8w0XKnJ0uR51T4dGhqi5lEqjUsIpy8ekyt21mq1lRieFKSI/1CC5R
SRG6+SfTtPSef3ZhKzuuuqRWrzy8TtMeG6O4ftEqPV+pbUsOqLKwOthNA4CgIQAACIhB0/vKXueQ
w+5oc6KuU06ZZPL5CUCjPa9na9yCIZKkobP6a+eKwy3uW1tRJ3u9Q06nU9YwS5OLOxsb0SVjbtr7
GQPt3N7PWxziMiCrj279xXT16hfjtj1tfLJG3zJIB/+Z0xVN7LRLZ8r1rx/5PmkbAHo6AgCAgIhN
jVJoREPlnsJTpa3ua+rg+JjCnFKFhFtlMpkU09v7+gGNWny60NghNzX5OoD8udhZoJ3ecUHvfH+r
Hlx6g8ewqcy56a0GgPDYUA2Y2qfh/4NIq2or6lR8uky5u/JbrShktprdA5oayqI66huqJvUeGq9+
E3srIjZMVcU1ytt3UZ8fv9Tq52icgN1U0wpAje+3FM6aHt9a5aCQCKsGXt1XsamRCvviKVPJuXLl
bD3favsAoKsRAAAEhqmh/KXT7nRNtPU3h92h+lq7QiKsikzo2OTcLvPF96C7PQFoy+ntF3R27+dK
n5Titj15aLzX/YfNTlfWwyOVPjFFZi8TcGvLbTq28aw+/v1eXTrjOWTrqnsyNf8/p7pt2/O3bO1Z
dUzzvjtZ6ZNS3FZ0djqcunCwUBt+s1unt3tOBA+NCtF39zzosf2lm95S4ckSJQ3upa+8e6f3Dy8p
cUCs2/G/ufqvHpWQUkckaObXJmhAVh+vYaPqUo1OfHxOH/9ur8d8BAAIBiYBA7iiNe0MdmtXSDO9
KfLyBCeiV5jHtvk/uloLX5itAVl9vHb+pYY1H8bcNliP//02Zc5J9+n6qSMTdf+SecqYkurx920y
m9R3bLLuX3K9xt4xxKfz+dOkB0bokb/domGz0712/qWGKkpj7xiiJ/5xu4bN9u0zA0AgEQAAGIKz
ybpbwRiF4/S+7tcVwRpu8djmqHP/QDd8P0uT7h/ucyALjw3VHf99rXq38CShqb5jktosv2oJMeum
H1+tPqMSfbq+P0y8b7hu/H6Wx5ClloTHhmrB8zM1eEZagFsGAK0jAAAwBFOT33Zuo3C6aBKw6Qr+
bZs6wrNTXXXp8jCYvmOSNOmB4R77FJ4s0aevHdWOZYeUuzPf4/3QqBDNeGqcx/aWOOodKjpdposn
SmS3ec4jCImwatY3J/p8Pkmqq67T2d0FOru7QBdPlHi8b6u6/P7Z3QWy112eizDnWxO9lpQtPV+p
/CPFXisNhURYNf9HVys8NtTjPQDoKswBAGBsXTwJ+Epz3dcnKHlIL4/tefsuur4efesgmS3uCefi
iRItWbDGbcLvLT+frgl3D3Pbb8CUVJ/akbszX//64VYVfVGyNHFArO58/jqPO/4Dr+6jxIFxXoct
eVN6vlLL7n9XknTVvZm6+SfT3N4v/7za9X5TM74yTmEx7p342nKb3v3xNrfJ0dMeH6NZ37zK7fsT
nx6jKYtHatMfWl/BGgAChQAAIOgay4AG9BpNJiMzBOiy2JQoTXpghNs2s8Wk6KQIpU9KUf+rUjyO
sdc5tO+tE67XteV1Hnf4T27J86j2s/uv2R4BICopQuGxoaopa3mF5KpLNXrjmQ9VXXJ57Yai02X6
x7c36ctrbnebb2C2mDXq5oEB7VxH9ArTsNn9PbZvW3rIozLSJ0sOKHlYvMbePtht+5jbBhMAAAQN
AQBA0AW68y99MVnYJMkZnOE43XUIUNr4ZKWNT27XMZ+9ecztCcDHv9/r03EFR4u9bo9NiWo165Ns
HgAAIABJREFUAFSX2tw6/40KT5bo7J7PldHsKUJKgFfvHTqzn0Ii3P/5tNvs+uzv3he72/vGMY8A
kJAe264nFQDgTwQAAN1GIGvkOx0NTwCcTveypE6H84v/BuzSPcrR9bl698fbWt0naXAvDZreV0mD
4hQeF6bQCKvXsfKNWnuvLec+8wwAcWnRHT6fL/qMTvLYVpB9SeUFVV73P7MrX+UFVYpJabJWhUnK
mJxCAAAQFAQAAN1GIGvkNz4BMJlMbiU5G6vWmExMAWhNTZlN25Ye1JaX9rW4z+Br0nTt0+OVNja5
U5369qi46DnRNjQysP+0eSuB2nRStDeVRdXuAUBSZGKEX9sFAL4iAACAgTkdTtdTkEYOu1O2qjrV
lNlUeLJEZz4t0J5Vx1Rb3vIwnWlPjNGsb1zlMRk40LwNHbKGBfafttBIz3r/1aWeQ5Saqq3wXEE4
rIV1AwAg0AgAAAyhpSFATWcEB3RycBAmHvvi6Ppcvfm1jZ06x5Br+3nt/Jeer9CJj8+p9EKlq3zm
vO9O7tS1mvN2t7++tt6v12jOVt3+znzzOQOSVFvpeR4A6AoEAABB1xVVgBrH95hMphYXqwroEKAe
PLwo6+FRHp3/C4eKtPKhdR5PDfwdALyN9/d2t92fqoo9h/tEJbQ+nCc62fP9qiLP4UsA0BW6aV0K
AEbSFVWAEDh9x3hOit3yx32tDhnylz4jPRcpu3SmPKDXzD9U5LGtd2a8IhO8r1acMjxBsSlR7hud
Uu6ugkA0DwDaRAAAYAxfjO9xOp1u1YaaVv9pPhY+MM3opmOBOsgaZlF4jOeqtiXnKjy2xfWN8tjm
i4i4UEUled5BTxrcS+mTPNcpuHCosEPX8TZMyxrq+c/ksY1nVVftPswoJMKqifdmej3t5EUjPJ4A
FZ8powIQgKAhAAAwhqZDgJqM9Wlan7+loUH+bUbPetpRX2v3WPBLksbfNdTtdeKAWH3p97M7dI3I
+HAt/MNs9R4af/l8A+N0x39fK0uoxb09NXbtf/tkh65jq/IcOhSTEqnB16S5baspsyl7wxmPfac9
PkbjFgz13HbnEI99D6zpWBsBwB+YAwAAjXpW37zLFBwt9lhMbPKDI9RvQm9dOlOmyPhw9RvfW9Zw
i9fjfSnb2W9Cbz3x9m0qzauUw+5Qr34xsoR43sM6uj5XlYUdG1tflON5R95sMeu+l+epsqhallCL
1v54mw69e0pb/2+/hs7sp7AmTz9Co0J02y9naPa3Jqq6pFZRieGKjPccFnTpTLl2rjjcoTYCgD/w
BABA0Dm7okROG0OAnE4FtlJPzxr542bHikNeP1+fUYkaOX+gBkzt02LnX5Ji+/g2NMhsMSs+PUaJ
A+O8dv6rLtVo42/3+Nzu5i4cKtKls57zB0xmk6KTIxURF+Za3+DzY5e04Te75bR7fvDopAglD+nl
tfNfV12vtT/Z1urKxwAQaAQAAEHXJZOAWxgC1Hhpk0mBfQLQg58uHPrXKW19eX+bIaf88yoV55Z5
bPc2kbepyqKaNu/q26rq9M73tqjkXOcmAH+y5IDPYW33X49q3c93eB0C5U1NmU1vfetjndyS14kW
AkDnEQAAAJ324fO79Y9vb9LF4yUe7znsDh3/6Kxeefg9ndzs2fkd1GyMfXM15Ta98sh7ytmS53HH
3WF36MynBVq5eJ2OfXi2cx9C0p7Xs/Xuj7ep7EKl55tOyW5zuG369NUj+ss9/9TR9bktVj2qulSj
fW+d0J/ueNvr3AEA6GrMAQAQdF2yDkDLF2/4T6CHADVeLohVgP589zsBPf+Bd07qwDsn1WdUovqO
TVZoVIiqimt0evt5lZ5v6FCv+9l2rfvZ9naf+/Njl/TqY+8rISNWGVNSFR4bqqriGp377GKr1XRs
lXX6WeZf2nWt3a8f1d43j2ng1D5KGtxLZqtJlUU1OrunwGuJ0fwjxXrjqx/KGmbRgKw+iu0bpbDo
UNWW1erS2XKd2nah3Z8XAAKJAAAg6Lqk89/CHIAuGwLUeLkeVgXImwuHinTBS618fyjOLfM6jMjf
HPUOndyS167hOvW1dp3YdC6ArQIA/2AIEIBuI6B3x1taCbjpE4BA6sGTgAEAVxYCAICga6wCFMy7
4yZTgK/f82/8AwCuEAQAAEEXtPH/AAAYEAEAQNB1yToAftBY7jEkogPTp3z8iA670zVcCQCAQCAA
AAi6rngC4HQ0mQTs6FjgqCyqkSTFpUW3/+AvPmJb8xzi0qJkDTXLEmJWeYGXUpQAAHQSVYAABF1X
lAFtnPjbfCEwh6MhEDidcp8c7MWJj8+q97B4RSdGKCEjtn3VaL7o97c1z2DS/SNkCbXIVlqr8s+r
fD9/D3FmV77e+/kOt201pbVBag0A9EwEAADdRjBq5FeX1LqeCCQNjmu1pvyR93KV9fAohYRb9dCr
8/W/M9+Qw+5ocX83PuSbWd+YqLg+Uaqrrtf+t04YsnLQ58cu6fNjl4LdDADo0RgCBCDogjkJuOxC
hSTJGm5VQkZsq/sWZBcrd2e+HPUORSVE6Jbnpsls9c+v0fF3DdXVj41WSIRV9jqHNr+0zy/nBQCg
OQIAgIAyW3z/NRPfv/UOeCAU5pTKEmqRJcSstHHJre/slNY8u0W1FXUymU0aOX+gvvLunUoaFNfh
64dEWHXzT6fp1l/MkCWk4Xv12uPvq7qEYS8AgMBgCBCAgKgps6m+1i5rmEUPLruxxQmtcX2jZbKY
5Kh3qDSvot3XsVXVyRpm0fi7hio0suVfaSPnD5TT7pTJYlJNmc21vb7WruMfndXwuRkaOrO/4vpG
qfR8y5Nvqy7V6MUbV+vfd94vS4hZ8f1j9Pjq21RdUqvSC5Wqq6rzelxsapQkKWNKqh748/WSpPC4
MCUP6dUwL8Ap1dXU67Un1itv38V2fx8AAPCV6afDlhpwlCmAQOuVFq1nPvxSu4753+tWqexC+yrf
zPvuZE19dLRP+zodTlUUVuu31/zNbXufUYl66NWbZLaYtOdvx7Tuue1tnisiLky3/WqGBl7dV2aL
SZZQS7va3VRtuU2VxTV661sf6/yBwg6fBwAAXxAAAARM8pBeenLN7Q3181v6TWOSyguq9PZ3N3fs
zrdJuuW56Rp108BWJ83a6xw6tf2C/vHvH8te5z5x12Q26Ym3blPK8ATVVddryV3vqPBkiU/XTh7S
S8PnDdDQ6/opKjFc1nDvTyGikyJcX1cUVkuSaivqVHy6VPtWn9DR9bkdLk8KAEB7EAAAQFLa+GQt
Xj5f1jCLbNV1+t2sN/w6Dv/rHy9UbGqUcnfma8WitX47LwAA7cUkYACQlPfZRW387W7V1dTLYjXr
ibduV1hMaLCbBQCA3xEAAOAL2/9ySLm78iWTSdFJ4fq3d+5QVGK4f07Os1YAQDdBAACAJv76xHrl
7rggh92pmN6RemrdXRp188BOnzc6uWEOQFl++yY5AwDgbwQAAGjm1cff1+7Xs1VXU6/w2FDd8tx0
PfbmrUoc0LF1CgZO66t6m1111fU6t/dzP7cWAID2scxKvP3HwW4EAHQ3OVvyVF5QpQFZfWSxWhTb
J0pXLcxU5pz+qimzqTDHhypBkgZM7aOFf5ijsKgQWULM+td/fiJbpfe1AgAA6ApUAQKAVoRGhWju
tydp7B1DZLaaZQkxq7aiTmaLSXn7L+rYh2d1/kChqi/VqKKwWvU2u6ISIjRgah9dtXCY+k3oLafd
KYfdobU/3a69bxwL9kcCABgcAQAAfJA4ME6THxih8XcPlcPuVFh0iKSGlYTra+0ymU2yhJhlMptk
r2tY9yA0KkR2m10Ou1Of/OmANr3wWZA/BQAABAAAaBdruEWjbhqkYbP7a0BWH5mtJjnqnTJbTLKG
WeSwO2W32SWTSRarWfv/cUKbX9rH5F8AQLdBAACATkjIiFV8eoyikyIUlRiheptdJecqVHKuXOUF
Vaou9d9iYgAA+IP3NesBAD4pzi1TcW5ZsJsBAIDPKAMKAAAAGAgBAAAAADAQAgAAAABgIAQAAAAA
wEAIAAAAAICBEAAAAAAAAyEAAAAAAAZCAAAAAAAMhAAAAAAAGAgBAAAAADAQAgAAAABgIAQAAAAA
wEAIAAAAAICBEAAAAAAAAyEAAAAAAAZCAAAAAAAMhAAAAAAAGAgBAAAAADAQAgAAAABgIAQAAAAA
wEAIAAAAAICBEAAAAAAAAyEAAAAAAAZCAAAAAAAMhAAAAAAAGAgBAAAAADAQAgAAAABgIAQAAAAA
wEAIAAAAAICBEAAAAAAAAyEAAAAAAAZCAAAAAAAMhAAAAAAAGAgBAAAAADAQAgAA9EARvcI0YGof
ma3t/zVvtpo1YGofRfQKC0DLAADBRgAAgB4moleYBk/vq7g+URo0rW+7QoDZatagaQ3HDp7elxAA
AD0QAQAAepi+Y5JkCbVIkqISw30OAY2d/6jEcEmSJdSivmOSAtpWAEDXIwAAQA+TuyNfNWU212tf
QkDzzr8k1ZTZlLsjP6BtBQB0PQIAAPQw9Ta7Tm7O8zkEtNT5P7k5T/U2e5e0GQDQdQgAANAD+RoC
6PwDgPEQAACgh2orBND5BwBjIgAAQA/WWgig8w8AxkQAAIAerqUQQOcfAIyJAAAABuAtBDSi8w8A
xkIAAACD8BYC6PwDgPEQAADAQJqGADr/AGBM1mA3AADQtRpDQOPXAABjIQAAgAHR8QcA42IIEAAA
AGAgBAAAAADAQAgAAAAAgIEQAAAAAAADIQAAAAAABkIAAAAAAAyEAAAAAAAYCAEAAAAAMBACAAAA
AGAgBAAAAADAQAgAAAAAgIEQAAAAAAADIQAAAAAABkIAAAAAAAyEAAAAAAAYCAEAAAAAMBACAAAA
AGAgBAAAAADAQAgAAAAAgIEQAAAAAAADIQAAAAAABkIAAAAAAAyEAAAAAAAYCAEAAAAAMBACAAAA
AGAgBAAAAADAQAgAAAAAgIEQAAAAAAADIQAAAAAABkIAAAAAAAyEAAAAAAAYCAEAAAAAMBACAAAA
AGAgBAAAAADAQAgAAAAAgIEQAAAAAAADIQAAAAAABkIAAAAAAAyEAAAAAAAYCAEAAAAAMBACAAAA
AGAgBAAAAADAQAgAAAAAgIEQAAAAAAADIQAAAAAABkIAAAAAAAyEAAAAAAAYCAEAAAAAMBACAAAA
AGAgBAAAAADAQAgAAAAAgIEQAAAAAAADIQAAAAAABkIAAAAAAAyEAAAAAAAYCAEAAAAAMBACAAAA
AGAgBAAAAADAQAgAAAAAgIEQAAAAAAADIQAAAAAABkIAAAAAAAyEAAAAAAAYCAEAAAAAMBACAAAA
AGAgBAAAAADAQAgAAAAAgIEQAAAAAAADIQAAAAAABkIAAAAAAAyEAAAAAAAYCAEAAAAAMBACAAAA
AGAgBAAAAADAQAgAAAAAgIEQAAAAAAADIQAAAAAABkIAAAAAAAyEAAAAAAAYCAEAAAAAMBACAAAA
AGAgBAAAAADAQAgAAAAAgIEQAAAAAAADIQAAAAAABkIAAAAAAAyEAAAAAAAYCAEAAAAAMBACAAAA
AGAgBAAAAADAQAgAAAAAgIEQAAAAAAADIQAAAAAABkIAAAAAAAzEGuwGtFe/Cb019o4hGjC1j+L7
RctsJcMAAACg6zjqHbp0rkKnt1/Q/n+c0Lm9nwe7Se1i+umwpc5gN8JXN/1kmibemxnsZgAAAAAu
u1/P1rs/+iTYzfDZFXP7/P4/X0/nHwAAAN3OxHszdf+frw92M3x2RQSAm34yTYNnpAW7GQAAAIBX
g2ek6aafTAt2M3zS7QNAvwm9ufMPAACAbm/ivZnqN6F3sJvRpm4fAMbeMSTYTQAAAAB8ciX0Xbt9
ABgwtU+wmwAAAAD45Erou3b7ABDfLzrYTQAAAAB8ciX0Xbt9AKDOPwAAAK4UV0Lftfu3EAAAAIDf
EAAAAAAAAyEAAAAAAAZCAAAAAAAMhAAAAAAAGAgBAAAAADAQAgAAAABgIAQAAAAAwEAIAAAAAICB
EAAAAAAAAyEAAAAAAAZCAAAAAAAMhAAAAAAAGAgBAAAAADAQAgAAAABgIAQAAAAAwEAIAAAAAICB
EAAAAAAAAyEAAAAAAAZiDXYD0HWWL1+uw4cPe33v0UcfVWZmZhe3CAAAdEc1NTV67bXXdP3116tf
v37Bbg78jCcAAAAAcKmpqdHSpUuVnZ2tJUuW6Ny5c8FuEvyMAAAAAABJUm1trZYuXarc3FxJUnV1
NSGgB2IIEAAAACRJFotF4eHhbtsaQ8Djjz/u83Agp9OpkpISXbp0SZcuXZLNZpPNZpPT6VRISIjC
w8MVFxenhIQExcfHy2QyBeLjoAUEAAAAAEiSrFarFi1apGXLlunEiROu7b6EgJKSEh06dEjHjx9X
bm6uqqqqfLpmWFiY+vfvr6FDhyozM1N9+vTxy2dByyyzEm//cbAb0ZqZz0wIdhOuaLW1tdq1a5fe
e+89nThxQk6n0+t++fn5qq2tVWJiosLCwrq4lQAAoLuwWCwaO3asTp8+rUuXLrm219fX68CBAxoy
ZIhiY2PdjqmtrdXLL7+sPXv2qLCwUHV1dT5fz263q7i4WCdOnND27dt14MAB2e129e7dW1brlXmv
etMfPgt2E1pFAOih7Ha7tm7dquXLl+vgwYMqLi5usfMvSRUVFTp+/Lg++eQT1dbWauDAgTKbmSIC
AIARNYaAU6dOqaSkxLW9pRBgtVo1ZswYZWdnq7KyslPXrqys1LFjx7Rt2zbV19crLS3tigsCBIBO
IgC0X2Vlpf7yl79o586dqq+vb9exDodDubm5Onr0qMaMGaPQ0NAAtRIAAHRnjSEgJydHpaWlru0t
hYDQ0FC/hQCp4WZmTk6Odu3apdjY2CtqaFB3DwCmnw5b2vJt4W7gh9mPBLsJV5Samhq99NJLys/P
7/S50tLS9NRTTwUsdR89elTFxcWu12PHjlV0dHS7z5Obm6u8vDzX6/HjxysyMtIvbeysqqoqZWdn
KycnR+Xl5SovL1dISIgiIyOVnJysQYMGafDgwVfcnQ0AgHHU1NRoyZIlOnv2rNv2iIgIr3MCKioq
9PLLL6ugoMCv7Rg+fLjuvfdeRURE+PW8gfCzzL8EuwmtIgD0MK+//rr27t3rsd1sNmv8+PEaOXKk
UlNTFR4eLrvdrtLSUp0+fVrbt29364w3mjNnjq6//vqAtLX5wmSjR4/WokWL2n2etWvX6qOPPnK9
/uY3v6mUlBR/NLHDKisr9d5772nXrl1yOByt7hsTE6NZs2Zp2rRpVEEAAHRLubm5evHFFz22txUC
KioqXH2PxqcF5eXlKi4u1pEjR1RUVNSudiQmJmrx4sVKTU3t+IfpAt09AHDbsQe5cOGC185/UlKS
Hn74YSUnJ3u816tXL2VkZGjatGl6/fXXdfDgQbf3N2/erBkzZnTJHfWDBw9q//79Gjt2bMCvFUg5
OTlasWKFqqurfdq/vLxca9as0fHjx3Xffff1yEnYp06dcgWh6OjooAc0AIDvcnNztWzZMq/vtVQd
KDo6Wl/96ldltVpbnFN46623Ki8vT++9956ys7N9aktRUZFeeOEFLVy4UGPGjGn3Z0ED5gD0INu2
bdOpU6fctlksFj399NNKSkpq9ViLxaIRI0bo008/lc1mc2232+1KTEwMyDLg+/bt08WLF922nTp1
SpMnT1ZISIjP5zlx4oROnz7ten311Vd3aCiRP2RnZ2vZsmVu38Po6GhNmjRJ06ZN09VXX61x48Zp
0KBBCgkJ0cWLF12TswsLC3X+/HmNGzeuxz0JeP7557Vz507t3r1b1dXV/NIGgCvE0aNHtWzZMtXW
1ra4T0tzAiwWS5v/nsXGxmrChAlKS0tTdna2T3MX7Xa7Dhw4oOTk5G77JKC7zwGgzEsPcv78eY9t
mZmZSkxM9On40NBQTZw40WN7Tk5Op9vmq4qKCq1Zs6bLrudPly5d0muvveb2y2vGjBl69tlndfvt
t+uqq67S0KFDNXz4cGVlZemBBx7Qt771LbcnM9nZ2dq0aVMwmg8AgJvGJ9q+lPTs7IrBI0eO1FNP
PaX4+Hif9nc6nXr99dd17NixDl3P6AgAPYi3ISdxcXHtOoe3GfZNawB3hb179+ro0aNdek1/eOON
N1RTU+N6PXfuXN16662tPs1ISkrSY4895rbq4ocffqiKioqAthUAgNZcvHhRK1askN1u9/mYzoaA
lJQUPfLIIx4rEbfE4XBoxYoVys3N7dD1jIw5AD1IVFSUx7bmM/bbMn78eI0fP95fTeqw1atX65vf
/KbPvwSC7dSpUzp58qTr9YABAzRv3jyfjo2Pj9esWbO0du1aSQ2LqezZs0fXXnttQNoKAEBrKisr
tXTpUp/nsjXV2orBtbW1euWVV1RRUaFRo0Zp+vTpHhV9UlJSdM8992j58uU+Xa+urk6vvvqqvvGN
b1wR1YG6C54A9CDe7t6fO3dOW7ZsCUJr2m/EiBGur0tLS/Xuu+/69fx1dXUqLi52/fHlkaavx2zd
utXt9c0339yutk2ZMsVtktS+fft8Pra8vFz79+/X1q1btWHDBm3btk1Hjhxpdbxmc80/Z9M7Pg6H
Q6dOndL27du1YcMGbd68WUeOHHF72tFcaWmp2/mastlsbu/5Uiu6rq5Op06d0rZt2/Thhx/qww8/
1I4dO3TmzJl23Z0CALTt7bff9loZsCXNJ/m29CQgLCxMDzzwgKxWq9avX6//+q//0vHjxz3ON3Lk
SGVmZvp8/dLSUr3zzjs+7w+eAPQoY8aM0QcffOCx/Z133lFhYaFuvPHGbn1H/ZZbbtHZs2ddw192
7NihcePGafDgwX45f3Z2tlauXOl6/eijj7b5C+bEiRNulQ8efvhht6AiNUx+alrONCUlRenp6e1q
W2RkpDIyMlyTuM+fP6/6+vpW1wc4c+aM1q5dq1OnTnld5dlisWjUqFGaP3++EhISWr3+uXPn9Mc/
/tH1+utf/7r69OmjnTt3av369SovL/c4JjQ0VNdcc43mzJkji8Xi9t7SpUtbXIvi8OHDbt+vrKws
LViwwOu+VVVV2rBhg3bt2tVioImJidE111yjGTNmeLQDANA+hw8fbtdNKEm69957tWfPHrfhuy09
CQgPD9djjz2mP/3pTzp37pyWLl2qRx99VEOHDnU75w033OBzZSBJ2r17t8aOHavhw4e3q+1GxROA
HiQ1NVUTJnivmrRt2zb96le/0rp161RYWNjFLfNNZGSk7rzzTrdtb775pk936oMpLy/P7S70qFGj
OnSeCRMmaPTo0Ro9erRGjhypqqqqFvddv369XnzxReXk5Hjt/EsNVRL279+vX//61/rss/ZVI6iu
rtbKlSu1evVqr51/qeFO/oYNG7R8+fI21zroiLNnz+r555/Xli1bWn2aUV5ernfffVcvvfRShx5X
AwAa1NTUaPXq1e06Jjo6WmPGjNGiRYs8Ot8tPQkIDw/X448/rrS0NDkcDr322msev7/T0tJ8LmLS
aPXq1T5VEQJPAHqc2267TefPn/e6+l51dbU2btyojRs3KjU1VSNHjtTw4cPVv3//Fmv0drXRo0dr
zJgxOnDggCSpuLhY69at06233hrklrWs+S+2vn37dug8WVlZysrKanO/devWaePGja7XJpNJAwcO
1IABAxQREaHy8nJlZ2e7/h+w2+16/fXX5XQ6WwyIzb355puux78xMTEaNGiQ4uPjVVNToxMnTriF
yOzsbG3fvl3Tpk1zbRs1apTS0tJcr/fu3esKCQkJCRo4cKDrPW9PSwoKCrRkyRK3YUYpKSnKzMxU
QkKCHA6H8vLytH//fldAPHv2rF577TU99thjPn1GAIC7rVu3tnjTpyXDhw+X2WyW2WzWokWLtHLl
Sp+eBDQuIPanP/1J58+f19atWzV37ly3c48YMaJdw5hLS0u1Z88eTZkypV2fwYgIAD1MZGSkHn/8
cS1fvrzVWfj5+fnKz8/Xhx9+qKioKI0fP14TJ05067QFyx133KGTJ0+67oBv3bpVY8eOVUZGRpBb
5l3zij3tvWPRHseOHXPr/MfFxemBBx7w+N7cfPPN2rt3r/7+97+rrq5OTqdTq1evVnp6uk/tKy4u
lslk0vz58zVt2jS3SkZOp1MfffSR1q1b59q2ZcsWtwDQfPXoAwcOuNZGSE9P18KFC1u9/qpVq1yd
f7PZrDvuuENTpkzxqCc9b948LVmyxBVIjh07ppMnT/pt2BgAGIXNZuvQnMGmnXqr1apFixbp17/+
tVsFwZZCQGOf5eWXX9ahQ4c8AkBbw1e9+eijjzRp0qRuc2Ozu+K70wPFxsbqqaee0uzZs1sdQ96o
srJSW7du1e9+9zstWbIk6OW0oqOj3e74O51OvfHGG932sV7zx5aBmmfhcDj01ltvuV6HhITo0Ucf
bTEYTZgwwa2jbbPZ2rXGwn333aeZM2d6lDE1mUyaNWuW23jNoqIilZaW+nzu1pw9e9YtvM6aNUtZ
WVleF5OJj4/XPffc47at6fwCAIBvduzY0erQ05bExMS4vbZarV6HbbY0HCgqKkpPPvmk15LZzc/t
i6KiItcoArSMANBDWSwW3XDDDfr2t7+tGTNm+Fwa6/jx43rppZf05ptvuq1m29Wuuuoqtwm6Fy9e
1IYNG4LWntY0r4YTGhoakOscOnTIrSrDzJkz21wBsfmEqKNHj3odHtbcxIkTNW7cuFb3ab6ar7/m
lthsNg0fPtz1p61hS+np6W7rXfjy+QAA7lqaT9aR41q6YddaCFi8eHGHro+OIQD0cL169dKtt96q
H/zgB3rwwQc1adIkt2W6vXE6ndq1a5defPFFlZSUdFFLPS1YsEBhYWGu1x999JHy8vKC1p6WdPSX
Znvt37/f9bXZbHYbctOa5usJHDx4sM1jhgwZ0uY+zVdr7MidI28GDx6sRx55xPWn6Upvddx6AAAg
AElEQVTJLWkaAHwpKwoAcJeVldWhOvreFq5MSkpqcf+WQkB0dLTHvmVlZe1uT1JSkscNKngiABiE
1WrVmDFj9KUvfUnf//739Y1vfEM33XST17UDGl24cEHLli0L2tCbXr166aabbnK9djgceuONNwxb
9z0nJ8f19aBBg7wu/ObNoEGDFBkZ6XrddMGyzmj+uDaYQ7SaDg8KREUiAOjpwsLCNH369HYfV1RU
5LGtrWp4vq4Y3FI56dZcd911jP/3AZOADSo1NVWpqamaOXOmTp8+rXXr1rlq0Dd14cIFbdy40edV
bf0tKytL+/btc3V+L1y4oI8//lizZ88OSnu8aV57PhABpaqqyu0uS/PVFVtjMpmUlpbmWmzl4sWL
fm+fFLgnIXa7XSdPntSZM2dUUFCgyspK1dbWunX0u2tpWwC4kkybNk2bNm1q1xDgI0eO6JZbbvE4
z5YtW1otzdzaisFSw82c9s7pSklJ0VVXXdWuY4yKiAQNGDBAX/7ylz0qtzTavn170O6qmkwm3X33
3W6TmT/44INuNc67+SPTQMydaD68pr0To5oO+6qsrOyyYUudUVdXp48++kjPPfec/vznP2v9+vXa
v3+/Tp48qXPnzun8+fOuP8GcrwIAPUVUVFS7V7IvLCzU+fPn3bZFRkbq/vvvb/NOfGtPAurr670O
C2qJyWTSXXfdxYKQPiIAQFLDD86cOXO8jiuvqKgIamWgxMRE3Xjjja7Xdrtdb775ZrcZ6tF8KI63
8ZCd1byD661aQmuaTky22+3d5nvXkvLycr344otau3atW/gJDQ1V3759NXToULeJwh0ZtwoA8JSV
leWxKm9b3n//fY9tw4YN0yOPPNLm7+eWQkBoaKiefPJJpaSk+NSGqVOndtty4d0RAQBuZs+e7bXc
YtN6vsEwffp09e/f3/X6zJkz2rp1axBbdFnzybAdGbMoNXTMbTab60/Tu/RNJ0NLavfqyE1Lslmt
1m59h8ThcGjFihVud5TGjRunp59+Wj/96U/19a9/XY8//rjbROHevXsHscUA0HM0PnlvT0nrI0eO
KDs722P7sGHD9J3vfEfz5s1T3759FRoaqsjISI9/N1ubGOxLCOjbt2+7n1wYHXMAeoiLFy/q17/+
tds2i8Wi5557rl2TYWJi/n/27jw6qvr+//hrsu+EBEIIa1giO5FVFCnYsAmyaHEvti7UY9Fq66/W
Wq1Lt2/rsbXu2CKKaKXKV1BRUVwgKPsikCAJIawJW0jIvk1+f3Ay3wxzJ5lMJpkb7vNxDueQe2fu
vD9DQj6vO58lWjExMS5rurfGXe3mCAgI0I9+9CP985//dIyx//TTTzVo0CC/1iXJ5Y7DwYMHNW7c
uGZf57///a927Njh+Prhhx9WbGysJDlN4pXU7DX3Gz7e08nD/rJ7924dPnzY8fWUKVP0wx/+0I8V
AYC1xMbG6sYbb9Qbb7zh8SfGb7/9thYuXOiyAlBERITS0tKcNvmqqanxeMfg+hCwaNEiw+G/9UuI
NveTcavjE4CLRMeOHV06+rW1tU4dKU/Y7XbDSTtm+MFKTEx06ghWV1fr3Xff9Xg8+4Xvj6/GwcfF
xTktQ5mZmdnsO/SSlJub6/h7eHi4o/Nf/3XD1zhy5IjH17Xb7U7LpyYlJTW7trbUcJnSiIgITZw4
0X/FAIBFDRw4UPPmzTMcFWCkvLxcixcv9mhRhvodgxvuU1N/jeZ8EhAUFKT58+e7fKKAphEALhJB
QUHq27evy/G1a9c2q6O7a9cuwwmV8fHxLarPVyZOnOi0+VVOTo7TXfPGXDiMxminQm+NGTPG8feq
qipt3bq1Wc8/dOiQ0zCrC/9TlM4v51kvNzfX408BsrKynDYra3gdM2r4y6NTp06mHq4EABezESNG
6JprrvH48WfOnNHzzz9vOBzoQi0NASEhIbrjjjvUu3dvj+vD/yEAXERGjx7tcmz//v1asWKFR3ek
Dx48qPfff9/leEhIiJKTk31SY0sFBgZq3rx5TnfzPd0o5MJhNJ7cpcjLy/Po2mPHjnXqqK5du7ZZ
G1J9+eWXTl8bLWM2cuRIx9/r6uqUnp7u0bW/+uorx98DAgI0bNgwj+vyFU/vIEnOy6gWFxc3+fiz
Z8+aalUoALiYXHHFFc1aXaf+k4AlS5a4rA50oYCAAI0YMcLlE/qmQkCvXr105513mv6GlpkxB+Ai
MmzYMG3YsMFlxZ7Nmzfr+++/16hRo9S7d2/Fx8crNDRUtbW1Ki8vV35+vvbu3avdu3cbflpw5ZVX
mmIIUL3u3btrwoQJTh1bTyQkJCgoKMixYdXOnTs1adIkt3Mkjh07prVr13p07ejoaKWlpenTTz+V
dL7j+tZbb+knP/lJk+/dpk2blJmZ6fg6OTlZKSkpLo/r16+funbt6gglGzZs0ODBgxu9+7Fx40an
DcRSU1Odhha1leDgYMcnLg0/jTASHx/v6NCfPXtWWVlZblekKCoq0uuvv+50zfawxCkAtCdjxoxR
YmKili5d6vFNt8zMTGVmZqpTp04aOHCg4uPjFRUVJZvNpuLiYh09elT79u1zO8ewsTkB99xzj0/a
ZWUEgIuIzWbTLbfcoueff97lB7SoqMjjzmxD3bt316RJk3xVos+kpaVpz549zdoAKjAwUAMGDHCM
MT958qTeeustzZ4922ld/YqKCu3YsUMfffRRs3a3nThxovbt2+cIYNnZ2Xruuec0c+ZM9evXzyVo
FBYWKj09XevXr3ccCwkJ0Zw5cwyvX78ywwsvvCC73a7a2lotWbJEc+fO1bBhw5zustfW1mr9+vWO
QCJ5t76zr8TGxjr+k8/JydGZM2fcDisbOnSo0+Yvb7/9tubNm6cBAwY42lhdXa2tW7dq7dq1Lp8S
+HJoFwDgvJ49e+q+++7TW2+95XRjqSmnT592+j3XHE1tFgbvEQAuMh06dNA999yjJUuWeL0cZb3k
5GT9+Mc/NtXd/3rBwcGaN2+eXn755Wbd8Z04caIyMjIcqxrs3r1bmZmZ6tatmyIiInTu3DmdOHHC
0fG32WzNmmT8k5/8RIsXL3ZM0j1x4oT+/e9/KzIyUgkJCYqMjFRVVZXOnDnjsn16QECAbrjhBqc5
Dhfq3r27Zs2a5RiqVV5errfeekurV69Wr169FB4erpKSEh04cMBpMndQUJBuueWWZm2q4kv9+vVz
fJRbVVWlp59+Wj169FBgYKA6d+6sa6+91vHY1NRUpaenOyYul5aWasmSJYqIiFBcXJzKyspUWFjo
tDJFcHCwY5jbuXPnZLfb2QoeAHwsOjpaCxYs0ObNm/Xxxx83utOvrxACWge/IS9CHTt21MKFC5WW
luZV5z08PFwzZszQXXfdZeolI3v37t3s5TZ79OihWbNmOd0tr6mp0aFDh5SZmaljx445Ov8RERGa
O3dus64fERGhu+66y2UMf2lpqQ4ePKg9e/Zo//79Lp3/qKgo3XXXXRoyZEiTrzFu3DjNmzfP6d+2
sLBQu3bt0saNG7Vnzx6n/5SjoqJ05513Gk4Sbyvjxo1z2gzGbrfr0KFDysnJcZkrUR+kLlzbv6ys
TEePHlVBQYGj8x8QEKCZM2c6zX+x2+0tDr8AAGM2m01jx47VQw89pIkTJzptNNlaGtsxGN7hE4CL
VHBwsCZPnqzx48dr+/bt2rt3r3Jzc50mWDYUGRmpPn36aODAgRo6dGib/ED7wvTp05WZmdmsjcrG
jRunLl266JNPPjHc4TgsLEypqalKS0trcry6kdDQUN1www267LLLlJ6ern379hmurGSz2ZSYmKhR
o0ZpzJgxzXrPR40apX79+mnt2rXavXu34V2YDh06aMSIEZo4cWKzNnRpDbGxsVqwYIGWL1/uMrHa
aI3pmJgY3Xvvvfriiy+0ceNGl/YFBARowIABmjp1qhITE7Vz50598803jvP79u0z/XKnANCehYeH
a/r06Zo4caK2bNmizZs369SpUz65du/evVVVVeU0iZhPAnzL9mTKYlPPmHv0+5/6u4SLxuuvv+40
trqh22+/XZdcckkbV+R/RUVFysvLU3l5uUJDQxUdHa2kpCSfLj1ZU1OjEydOqLi42PE6ERER6tKl
S5NbpHvCbrcrLy9P586dU0VFhSIiIhQbG6uEhIRmrb7TFurq6pSXl6eTJ0/KZrMpJiZGSUlJLku0
NmS323X8+HEVFhaqpqZG0dHR6tq1q8uqTgAA/zp+/Lj27dun7OxsHTlyxPDml5GwsDAlJyerb9++
GjJkiDp27KiKigr961//ctn3Jjw8vF2EgKcuec3fJTSKAGAhBAAAANAW6urqVFBQoIKCAp07d07l
5eWqqamRzWZTSEiIQkJC1LFjR8dmmkY3rCoqKrR48WKXT+vbQwgwewBgCBAAAAB8ymazKT4+vkUb
iYaFhemOO+7Q4sWLlZub6zjOcKCWYxIwAAAATCk0NFR33HGHy4akTAxuGQIAAAAATCskJES33367
y2p25eXlWrNmjZ+qat8YAmQht912m79LAAAAaLaQkBD99Kc/1euvv66srCxJUq9evXTzzTf7ubL2
iU8AAAAAYHrBwcG67bbbdMkll6hXr166/fbb/b7MdXvFJwAAAABoF4KDgzV//nzV1tY2uoQ0GkcA
AAAAQLsRFBSkoCC6sC3BECAAAADAQggAAAAAgIUQAAAAAAALIQAAAAAAFkIAAAAAACyEAAAAAABY
CAEAAAAAsBACAAAAAGAhBAAAAADAQggAAAAAgIUQAAAAAAALIQAAAAAAFkIAAAAAACyEAAAAAABY
CAEAAAAAsBACAAAAAGAhBAAAAADAQggAAAAAgIUQAAAAAAALIQAAAAAAFkIAAAAAACyEAAAAAABY
CAEAAAAAsBACAAAAAGAhBAAAAADAQggAAAAAgIUQAAAAAAALIQAAAAAAFkIAAAAAACyEAAAAAABY
CAEAAAAAsBACAAAAAGAhBAAAAADAQggAAAAAgIUQAAAAAAALIQAAAAAAFkIAAAAAACyEAAAAAABY
CAEAAAAAsBACAAAAAGAhBAAAAADAQggAAAAAgIUQAAAAAAALIQAAAAAAFkIAAAAAACyEAAAAAABY
CAEAAAAAsBACAAAAAGAhBAAAAADAQggAAAAAgIUQAAAAAAALIQAAAAAAFkIAAAAAACyEAAAAAABY
CAEAAAAAsBACAAAAAGAhBAAAAADAQggAAAAAgIUQAAAAAAALIQAAAAAAFkIAAAAAACyEAAAAAABY
CAEAAAAAsBACAAAAAGAhBAAAAADAQggAAAAAgIUQAAAAAAALIQAAAAAAFkIAAAAAACyEAAAAAABY
CAEAAAAAsBACAAAAAGAhBAAAAADAQggAAAAAgIUQAAAAAAALIQAAAAAAFkIAAAAAACyEAAAAAABY
CAEAAAAAsBACAAAAAGAhBAAAAADAQggAAAAAgIUQAAAAAAALIQAAAAAAFkIAAAAAACyEAAAAAABY
CAEAAAAAsBACAAAAAGAhBAAAAADAQggAAAAAgIUQAAAAAAALIQAAAAAAFkIAAAAAACyEAAAAAABY
CAEAAAAAsBACAAAAAGAhBAAAAADAQggAAAAAgIUQAAAAAAALIQAAAAAAFkIAAAAAACyEAAAAAABY
CAEAAAAAsBACAAAAAGAhBAAAAADAQggAAAAAgIUQAAAAAAALIQAAAAAAFkIAAAAAACyEAAAAAABY
CAEAAAAAsBACAAAAAGAhBAAAAADAQggAAAAAgIUQAAAAAAALIQAAAAAAFkIAAAAAACyEAAAAAABY
CAEAAAAAsBACAAAAAGAhBAAAAADAQggAAAAAgIUQAAAAAAALIQAAAAAAFkIAAAAAACyEAAAAAABY
CAEAAAAAsJAgfxeA5qupqVFgYKBsNlubveaGDRu0d+9eSdJVV12lfv36eXWdoqIivfPOO5KkLl26
aPbs2T6rsTV4Uq/dbldAAFnaW/v27dO6deskSVFRUZo9e7YiIyP9XNV5vvq+BwDATAgA7UBBQYEy
MjKUl5enoqIi2e12SVJYWJgSEhLUt29f9evXr00DAc7LysrSunXrFBQUpKlTpyoxMdHfJbUrpaWl
2rhxo6Tz389XX321aTr/AABcrAgAJma32/XNN98oIyPD8HxFRYUOHz6sw4cPa9euXZoyZYpiYmLa
uEpr27dvn2pra1VbW6v9+/cTAJpp/fr1qqqqUlBQkKZNm6bY2Fh/lwQAwEWPAGBia9eu1cGDBx1f
d+3aVYmJiQoLC1Ntba0KCwuVm5urqqoqFRQUaOXKlZo7d66ioqL8WLW1JCUlKS8vTzabTd26dfN3
Oe3K/v37dfjwYQUEBGjKlClKSEjwd0kAAFgCAcCk9u/f7+j8h4SEaMqUKUpKSnJ5XHV1tb744gsd
OnRI5eXl+uKLLzRr1qy2LteyRo4cqT59+igoKEjR0dH+LqddKSws1IABA9SzZ091797d3+UAAGAZ
zFw0qczMTMffx4wZY9j5l6Tg4GClpaU5hv7k5+fr6NGjbVIjzuvYsSOdfy+MGTNGEyZMUO/evf1d
CgAAlsInACZ15swZx9/79u3b6GMDAwM1YMAAbd68WZKUm5vb5B3V4uJiVVRUKDAwUNHR0QoODm55
0Q3U1taquLhYNTU1ioyMVHh4uNfXqqqqUmlpqex2uyIiIlp0LXd8WW9jampqHK8TGhqq6Ohorydv
V1RUqLS0VIGBgYqKilJQUPN/nH353ta3rba2VtHR0QoNDfX6Wq2loqJCJSUlCgwMVGRkpEJCQvxd
EgAAbY4AYFL1K/1I8qiDmJCQoLi4uEYfX1JSoh07dignJ0eVlZVO1+/cubOGDx+u5OTkFtVdXl6u
TZs2KScnRzU1NY7jcXFxuvTSS9WpUyePr5Wdna09e/bo1KlTqqurcxyPiYlRSkqKhg8frsDAQL/W
u3nzZn3//feSpPHjx7t9/44dO6YdO3YoPz/f6d82ODhYvXv31siRI91O4P7www919uxZRUZG6tpr
r1VOTo527typ06dPOx4TGBioHj16aOzYserQoUOT7W7Je/vRRx+poKBAgYGBuvnmm3X27Flt3rxZ
R44ccWpbly5dNGbMGHXt2tXwOg3fuyuvvNLxScChQ4ccy4ImJydr/Pjxbttx9uxZffjhh5LO/wxM
nTrV8HEHDx7Url27dPLkScex+u/71NRUPoUAAFgKAcCkYmJiVFhYKOl8Z23QoEGNPj4pKUk/+tGP
3J4/evSoPv/8c1VVVbmcq6ur08mTJ/XZZ59p4MCBuvLKK72qubCwUB988IHKy8tdzhUUFGjt2rUe
dbRqa2v1+eef69ChQ4bnz507p61btyorK0tXX32118NvfFFvdXW14/m1tbWGj9mxY4e2bNni9vlZ
WVnKzc3V1KlTDYd6VVRUqLy8XNXV1frmm2+0Z88el8fU1tYqNzdXR48e1dVXX+12NSJfvLeVlZWO
Nufm5mrt2rWGbT9x4oQ++ugjTZkyRT179jRsu9F71717d9XU1Ki6uloHDhzQ5Zdf7nafhQMHDjiu
YTQJu7GVtOq/79esWaPU1FSNGTPG8DUAALjYEABMqm/fvtq2bZskaePGjQoKClJKSopX1zp79qzW
rFnjuMPdr18/paSkKCoqSmVlZcrNzVVGRobsdrsyMzPVpUuXZr9WTU2NPv74Y0dnLCoqSoMGDVKn
Tp1UW1ur/Px8ZWZmKjc3t8lr1U9qlqTw8HANHTpUiYmJCgwM1JkzZ7Rnzx4VFBSoqKhIH374oa67
7rpmD+XwZb2NOXz4sKPzHxQUpOHDh6tbt24KDAxUUVGRvvvuO50+fVrV1dVas2aNbrjhBrfDcGpq
arRnzx6Fh4dr4MCBSkhIkM1m06lTp7R3716Vl5erpqbGcR2jITi+fm8///xzSVJKSop69uypkJAQ
FRQUaPfu3Y6hRenp6brppps8HuoUGBio5ORk7d+/X5WVlTp69KhhgJDk+PcJCAgw3KQrPT1d+/bt
k3T+33j48OHq0qWLampqlJeXp127dqmqqko7d+5Up06d1KdPH49qBACgPSMAmFRqaqoOHTqk06dP
q6amRl999ZX27NmjQYMGqU+fPs3q8G7dutXR+R89erQuvfRSx7nY2FglJSUpJiZG33zzjSQpIyOj
2QFg586dKi4udlxz9uzZTh3QXr16aeDAgfrwww9VUlLi9jrZ2dmO1Y+ioqI0Z84cRUREOM537txZ
KSkp+uSTT3T06FEVFxdr48aNmjBhgl/qbcp3333n+Pv48eOd3tfOnTurb9+++vDDD5WXl6eqqirt
3btXo0aNcnu92NhYzZw50+k96dGjhwYMGKD3339fJSUlqqio0M6dOzV27Fin57bGexsYGOjyyUX3
7t2VkpKi//73vyovL1dJSYlOnDjRrD0S+vfvr/3790uScnJyDAPAuXPnVFBQ4HjNsLAwp/O5ubmO
zn/Hjh01a9Ysp3/jxMREJSUladWqVaqrq9OmTZsIAAAAS2AVIJMKDAzUjBkz1KtXL8ex06dPa926
dXrjjTf00UcfKSMjQxUVFU1eq7a2Vp07d1ZCQoKGDBli+JjBgwc7xnw3HFvuibq6OsdYbul8R9fo
7nNMTEyj47ml88Nl6k2YMMGpg1ovICBAkyZNckxc3r9/v0pLS/1Sb1POnj3r+LvRZG6bzaYRI0Y4
vj516lSj15s0aZLhexIREaHLL7/c8XVWVpbT2H6pdd7byy+/3HDYUlhYmFNnur6j7qlu3bo59rM4
dOiQ09yCejk5OY6/G939bzjsauLEiYb/xl26dFGPHj0knZ8YzwpaAAArIACYWGhoqKZOnaqpU6c6
TUa12+06duyY0tPTtWzZMn311VeOu9lGpk2bprlz52rOnDluV/ux2WyODpfdbjecK+DOmTNnHJ3E
+k8U3GlsgmpBQYGjwxwXF9foSkbh4eHq37+/o96GncG2qtcTDT+paTgBtaGkpCTddtttuu2225SW
ltbo9SIjI92e6927t+PfsKyszCl8tNZ7W995NtJw/oAnQfVC9QGisrJSx44dczlf/2lGcHCwy+Tr
s2fPOtrbuXNnde7c2e3r1LdVko4fP97sOgEAaG8IAO1Ar169dO2112r27NkaNGiQ053b2tpa7d+/
X8uXL9fu3bs9vmZxcbFOnjyp48eP69ixYzp27JjTRMwL7x43puEnBo11ppuSn5/v+LsnG0M17Hye
OHHC49fxVb2eaNgx/eyzz7Rr1y6VlZU5PcZmsyk0NFShoaEtXo61YXsaLiXbVu9tQw1XEXI3Qbox
DYdLXRhCSktLHZ+WJCcnu6xY1LDmpoYexcfHO/7e3E8qAABoj5gD0I506dJFXbp00fjx45Wfn6+s
rCxlZ2erurpatbW1+vbbb1VVVaWRI0caPj8vL0979+7VkSNHVF1d7bO6Gq6i424pS080HGoSGxvb
5OMbPqY5Q4B8Va8nRowYoVOnTunYsWOqqKjQpk2btGnTJscnDz169FCPHj3crnLTXA3b0/Cue1u9
t74UFxen+Ph4nTlzRrm5ubryyisd71NTw38afiK2e/duj8Nxw+VxAQC4WBEA2qnExEQlJiZq9OjR
+vbbb5WVlSVJ2r59u5KTkx17Akjn7+anp6c77S4cEBCgqKgop3HRZ8+edVoL31MNw4Q3m1EZXceT
O+ENh9c0Z8iSr+r1RFBQkGbMmKH9+/fru+++c9xhLiwsVGFhoTIyMhQWFqahQ4dq+PDhLQ4CDd+3
hu1sq/fW1/r3768zZ844hgHVfzJRP/wnMjLScPlPb76PJe8+qQAAoL0hALRzYWFhmjRpksrLy3X0
6FHHBNdx48Y5HrN161ZH5z82NlZjx441vOu8fPlyx94DzdGwE+1tx8ub6zTs1DZnVSRf1dscKSkp
SklJ0dmzZ3XkyBHl5+crPz9fFRUVqqio0JYtW5Sbm6sZM2a0aHfahu1p2M62em99rV+/ftq0aZPq
6uqUk5OjHj16qLy83DHEp0+fPobLizb83k5JSfF4qNeFKwkBAHAxIgCY0O7dux0TGIcMGeJ0N9+d
Sy65xLGCScOx3zU1NY7hD6GhoZo1a5bPOzkN161vyZKZDec2FBUVNfn4c+fOGdbQFF/V642OHTuq
Y8eOGjZsmOrq6nTo0CGlp6errKxMp06d0vbt23XZZZd5ff2GQ18a/ju31XvraxEREerWrZuOHj2q
Q4cOqa6uTgcPHnTMUXG3XG3DtkdFRXm9hwYAABcjJgGb0KlTp7Rv3z7t27fPafJmYxoO5Wk4jOHM
mTOOO77dunVrlTucDVdY8bReIw0na3qyGkvDJRsTEhI8fh1f1duUkpISx51+o92GbTabevfurauu
uspxzN0OvZ5q2J6Gk1vb6r1tDfWr9FRUVOjYsWOO4T8dO3Z0amNDDVfNYmUfAACcEQBMqGFnrX4z
pKY0XPWk4fKLDYdyNDaWu7y83GV1Gk/Fx8c77jCfPn3a6ROICzW2XGl8fLyj9pMnTza6Jn51dbVj
3oPNZnNZBrIt6m1KTk6OVq1apVWrVjU6CTUxMdExjKWp8faNTd7Oz893DOGKiIhw+uSord7b1pCc
nOwYwpSZmam8vDxJxpN/6yUmJjpCcX5+vtslWOuVlZUZ7jUAAMDFiABgQv3793d0UE+ePKl169Y1
Ojnx9OnTTjvONuywNVwVJi8vz2lt+Hrl5eX69NNPnTqfzZkMabPZNGDAAMfX69evN+xMlZaWKj09
vdHrDBs2zPH1119/7bbDu2HDBsdd9eTk5Gat1++repvScLnNrKwstyvM1M/dkJpelWj9+vWG/za1
tbWOnZyl899DDcfGt9V72xqCgoLUu3dvSecn/9rtdtlsNqf1+y8UGBiowYMHO77+8ssvDT+Fkc4P
d6oPav5a8QgAgLbEHAATCg4OVlpamj755BNVVVVp3759Onz4sGMyY2RkpOrq6qD8T1IAACAASURB
VHTu3DkdOXJE+/fvd3QKk5KSXAJAYmKi8vPzVVtbqw8++EDDhg1TfHy8amtrdeLECe3bt8+lc1pR
UWG4U6w7qamp2r9/v0pKSnTy5EmtWLFCw4cPV1xcnGpqapSXl6fdu3e77YTVGzx4sHJycpSXl6eC
ggKtWLFCI0aMUJcuXRQUFKQzZ87ou+++c2wMFR4eriuuuMLjOn1db2Pi4uLUr18/ZWdnq7S0VO+9
954GDRqkHj16KDw8XOXl5Tp06JB27drleM6gQYMavebx48f1v//7v0pNTVWXLl0UEBCgU6dOadu2
bY5PMsLCwpSamury3LZ6b1tDSkqKsrOzHV8nJiY6Nj1z59JLL9WhQ4d05swZFRUVacWKFUpNTVWP
Hj0UEhKi0tJS5ebmavfu3aqqqlJpaamKi4sb3WwNAICLAQHApBITE3XNNddo7dq1KiwsVFlZmXbu
3KmdO3e6fU737t01efJkl+M/+MEPtHLlSseKM5s3b3Z5TFxcnAICAhybZBUVFXk0+bheUFCQpk2b
pg8++ECVlZUqKCjQl19+6fK4vn376sCBA41ea+rUqfr444914sQJFRUVGV5HOt9BnTFjhleTVH1Z
b2MmTJig0tJS5eXlqaSkRJs3bzZ8/6Xznf/G7mpL5/eCOHHihL744gvD84GBgUpLS3OaE9JQW7y3
raFbt26KiIhwDFNr6n2Szr8X06dP1yeffKLTp0+rtLRUGzZsMHxscHCwrrrqqiY3DQMA4GLAECAT
i4+P17x58zRhwgR17drVcI34gIAAde3aVWlpabr66qsN13jv0KGDrr32WvXu3dtlycTQ0FClpqZq
zpw5TkNW6u8CN0dcXJzmzp2rnj17urxORESExo0bp6uuuqrJZSVDQkJ0zTXX6LLLLjO8yxsSEqJB
gwZp3rx5zQoprVVvY+r3ARgzZozbO9adOnVSWlqaxo8f3+T10tLSNGbMGMOOeZcuXTR79uxGl7xs
q/fW12w2m/r27SvpfMe+T58+Hj0vIiJCs2fPdvv+BwYGqn///po7d6569erl05oBADAr25Mpi+v8
XURjHv3+p/4uwTSqq6tVVFSksrIy2Ww2hYWFqWPHjs3azKqyslJnzpxRdXW1IiIiFB8f77NdaBsq
Ly93bCwWFRXVos5kUVGRSkpKVFtb65jc6uuafVlvY86dO6fi4mJVV1crJCREHTt2bPIu+7vvvuvY
QOzWW291DM0qKChQSUmJAgMDFRsb69XQlbZ4b82kvr12u12RkZGKjo72aGM0AACa46lLXvN3CY1i
CFA7Ehwc7LS8oTdCQ0M93hSpJcLDw302fKRDhw6tPhHVl/U2JiYmpsmJvp6Ki4trcVBpi/fWTKzW
XgAAjFy8t/oAAAAAuCAAAAAAABZCAAAAAAAshAAAAAAAWAiTgAGTGzhwoGP9e1asAQAALUUAAExu
8ODB/i4BAABcRBgCBAAAAFgIAQAAAACwEAIAAAAAYCEEAAAAAMBCCAAAAACAhRAAAAAAAAshAAAA
AAAWQgAAAAAALIQAAAAAAFgIAQAAAACwEAIAAAAAYCEEAAAAAMBCCAAAAACAhRAAAAAAAAshAAAA
AAAWQgAAAAAALIQAAAAAAFgIAQAAAACwEAIAAAAAYCEEAAAAAMBCCAAAAACAhRAAAAAAAAsJ8ncB
sI7XXntNH3/8sdOx119/XeHh4X6qCAAAwHoIAGgzhYWFysnJcTpWV1fnp2oAAACsiSFAAAAAgIUQ
AAAAAAALIQAAAAAAFkIAAAAAACyEScAATKu8vFwVFRWy2WwKCwtTWFgY9bSQ2dpgtnoAwAoIAO3A
unXrdPz4ca+eGxgYqMjISEVFRSkyMlKJiYnq2rWrAgJa/8OfsrIyffPNN9qyZYt2796t7Oxsl8fc
dNNNGjlypFJTUzVx4kTFxMS0el2eOnnypL744otWu/6cOXPavLNj9jYdPHhQ6enp2rp1qzIyMnT2
7Fmn8506ddKQIUM0cuRIXXHFFerZs2dLS25X9XjDbG0wWz0AYEW2J1MWm3odxke//6m/S/C7Rx55
RJ9++qnPrhcTE6ORI0dq3LhxSktL83mnu7i4WEuXLtV//vMflZWVefy80NBQzZ07V3fccYc6duzo
05q8kZ6ervvvv7/Vrr927Vp16NCh1a5vxKxt2rt3r1555RV98803zXrexIkTtWDBAqWkpDT7NdtT
Pd4wWxvMVg8AtKanLnnN3yU0ijkAFnTu3Dl9+eWX+tOf/qRp06bpz3/+s06ePOmTa2/atEnz5s3T
4sWLm9X5l6TKykr95z//0U033aRvv/3WJ/W0REFBgb9L8Dmztam6ulovvPCCbrvttmZ3DCXpq6++
0q233qpXX31VtbW1F1093jBbG8xWDwCAAGB5VVVVeu+993TjjTdq9erVLdqYa/Xq1br33nt1+vTp
FtV0+vRp/eIXv9BXX33Vouu0VEvbYUZmalNFRYUeeughvfZay+6S2O12vfLKK/rd736nqqqqi6Ye
b5itDWarBwBwHnMAIOn8pwKPPfaY9u7dq1/96lfNniOwdetWPfbYY00+Ljg4WLGxsSosLFR1dbXb
x9ntdv3617/WokWLlJqa2qxafMVMnWVfMUub7Ha7Hn/8ca1bt87tY+Li4nTppZcqISFBtbW1OnXq
lLZt26Zz584ZPv6zzz5TeHi4Hn30UdlstnZdjzfM1gaz1QMA+D8EgHZs/vz56tOnT6OPsdvtKikp
UUlJibKzs7V161a3v1wl6Z133lFMTIx+9rOfeVzH2bNn9cgjj7g9P2HCBM2dO1eDBw9WXFycJKmu
rk6nT5/Wli1btGTJEuXk5BjW/sc//lFLly71y8ogRsOiOnbsqK5du/rk+m0xEftCZmnTe++9p88/
/9zwXJ8+ffTLX/5SI0eOVHBwsNO5qqoqbdy4UX//+9915MgRl+euWrVKo0aN0tVXX92sus1WjzfM
1gaz1QMA+D9MAm4H3E0CfumllzR69OhmXctut2vLli1atmxZo+NxFy1apBEjRnh0zX//+9966aWX
XI6HhIToqaee0g9/+MNGn19ZWalnn31Wy5cvNzx///3369Zbb/WoFl+65ZZb9P333zsdu/POO3X3
3Xe3eS2+YoY2nT17VnPnzlVJSYnLualTp+rRRx9tMvCVlpbq97//veEwsfj4eK1YsUKRkZHtsh5v
mK0NZqsHANoak4BhKgEBARo7dqz+8Y9/6Fe/+pXbx/3973+X3W5v8nrl5eVatmyZ4blHH320yc6/
dH71nwcffNDtHb3ly5f7ZfJfXl6ey7GEhIQ2r8OXzNCmjz76yLBjOGrUKD322GMefdoTGRmpJ554
QoMHD3Y5d+bMGX322Wftth5vmK0NZqsHAOCMAGBRAQEBuummm7Rw4ULD85mZmdq+fXuT18nIyDAc
UjRy5EhNnz69WfXcf//9hkuSHj9+3KNafKmsrMywXZ06dWrTOnzJDG2y2+2Gn/QEBAToN7/5jUJD
Qz2+VmRkpB5++GHDcytWrGiX9XjDbG0wWz0AAFcEAIubP3++Bg0aZHjuyy+/bPL5u3btMjx+3XXX
NbuWuLg4/fjHPzY8t2PHjmZfryUKCwsNj7fnAGCGNh04cMBwU7vJkyerd+/ezb7egAEDdMUVV7gc
z8jI0LFjx9pdPd4wWxvMVg8AwBUBwOICAgL0058az7PwZC1+dzsUDxkyxKt60tLSDI/v3bvXq+t5
68LdSeu15wBghja5C3JTp071+prunusunJq5Hm+YrQ1mqwcA4IoAAI0cOdJw9ZbDhw+ruLi40ee6
61TGx8d7VUuPHj0Mx6S39S/6M2fOuBwLCAgwxQ7F3jJDm/bs2WN4fPjw4V5f090yse5ey8z1eMNs
bTBbPQAAVwQAKCYmRv379zc819S68e425WnJEpfDhg1zOVZSUtLovgG+ZrRjbkJCgsuShe2JGdpk
1GFLTk5Whw4dvL5mUlKS4fMvXO2oPdTjDbO1wWz1AABcEQAgyf0wkPLy8kafFxsba3i8qKjI61rc
3ZEuKyvz+prNZXS3vHv37m32+q3B322qqqrS0aNHXY6npKS0+NpG81iysrIaXcnKbPV4w2xtMFs9
AABjbAQGSefX7PeGu856RkaGJkyY4NU109LS1KtXL5fjQUFt9+166tQpl2NJSUlt9vqtwd9tOn36
tGFnzRebkBldo6ysTCUlJYYrS5mxHm+YrQ1mqwcAYIwAAEnSiRMnDI9HRUU1+rwBAwYYHn/vvfe8
DgAjR47UyJEjvXqurxjtmNve9wDwd5vcfSpUvzt0S7i7RmFhodvOodnq8YbZ2mC2egAAxggAUElJ
ifbt22d4rqnJvO4m523YsEGffPKJpk2b1uL6/CE/P9/lWMPO8qlTp5SZmans7GydOHFCxcXFstls
io6OVlJSklJSUjRkyJAmA1Rb8nebjDaGkpoOmZ5wdw13r2nGerxhtjaYrR4AgDECALRx40bDj+0H
DRqkyMjIRp+blJSkcePGGS4Z+sQTTygwMFCTJ0/2Wa1txWh98bi4OH311Vd69913tXHjxiavERwc
rOnTp+vmm29Wv379WqPMZvF3m9zNJ/HFJGR3Q9gqKyvbTT3eMFsbzFYPAMAYAcDiqqurtWjRIsNz
P/jBDzy6xl133WUYAKqrq/Xwww9r/fr1uvvuu9vNGPqysjKVlpa6HH/yyScNd9J1p7q6WqtWrdKq
Vas0f/583X333V7PtWgpM7SppqbG8HhgYKDHr++Ou/kh7lapMmM93jBbG8xWDwDAGKsAWdyLL76o
nJwcw3PTp0/36BrDhg1zu4OvJK1evVpz5szRX/7yF2VlZXlVZ1tyt7dBczrKF3rjjTd07733tuga
LWGGNrnrHLam2tpat+fMVo83zNYGs9UDADBGALAou92uRYsWaenSpYbnb7rppmbdsV+4cKF++MMf
Nvp67777rm666SbdeeedWrVqleG69GbQWnVt27ZNDz74oF/uWF6MbQIAAN5hCJDF1NXVaceOHVq8
eLHbMd+JiYm66667mnXdwMBA/eEPf1DXrl315ptvNvrYnTt3aufOnQoICNDkyZM1c+ZMjRo1yjSb
bLm7W14vJCRE48ePV79+/RQfH6/g4GCdO3dOJ0+eVHp6ug4fPuz2udu3b9drr72mn/3sZ74uu1EX
Y5sAAIB3CADt2J49e5rcHbeurk6lpaUqLi5WVlaWNm3apCNHjrh9fHh4uJ555hmvltULDg7W/fff
r2HDhulvf/ub4brzDdntdn366af69NNPlZSUpDvvvFNTp05VaGhos1/bl4w2zJLO7248f/58zZ8/
3+3788ADDygzM1P//Oc/tXXrVsPHvPrqqxo3bpzhjset5WJsEwAA8A4BoB174YUXfHq9Dh066O9/
/3uLd+286qqrNGrUKL3xxht66623PBoecvz4cT355JNatGiR/t//+38eT0BuDRMmTFBYWJi2bdum
DRs26NSpU0pKStJf/vIXw91IG7LZbBo0aJBefPFFvfDCC3r99dcNH7dkyRI988wzrVG+oYuxTQAA
wDsEAEg6v/nW7373O/Xo0cMn14uJidHChQt18803a8WKFVq+fLlH49Dz8/P1q1/9SlOmTNFvfvMb
v2zwEx8fr+nTp2v69Omy2+06fPiwYmJimrWZUUBAgBYuXKiysjL997//dTm/bt06HTx4UMnJyb4s
3a2LsU0AAMA7TAK2uF69eumJJ57QSy+95LPOf0NxcXG688479dFHH+m5557TrFmzPFo2cs2aNVqw
YIGOHj3q85qaIyAgQL179/ZqJ1ObzaaFCxeqW7duhufXrFnT0vK8cjG2CQAAeI4AYGFDhw7V8uXL
NWPGDAUEtO63QnBwsMaNG6fHHntMa9as0Z/+9CddeumljT4nOztbP//5z5ucwGpmkZGRuuOOOwzP
bdu2rY2r8Y2LsU0AAFgJQ4DasZkzZ6p79+4ePfatt95yWa999+7d2rNnj4YPH94a5bkVFRWlKVOm
aMqUKfruu+/08ssva/PmzYaPPXbsmB5//HH94x//kM1ma9M6fSUtLU1/+9vfXHZJ3blzp8rLyxUe
Hu6nyrznTZtaO2Qacbd5lGS+erxhtjaYrR4AgDH+52zHZsyYodGjR3v02KioKD399NMux5977jkt
WrTIL7+4pfObiD3//PP65JNP9Ic//MFwwvCGDRu0ZcsWjRkzxg8VtlxERIRGjx6tdevWOR232+06
evSo+vfv76fKvOdNm9wN/fLFRk7uNqBqrHNotnq8YbY2mK0eAIAxhgBZxJw5cww39tq5c6e++uqr
ti+ogYCAAF199dVatGiR2yVAm9pbwOzcLY9ZXFzcxpX4TnPb5K5z2NRStp5w1zlsbElZs9XjDbO1
wWz1AACMEQAsIiwsTHfffbfhueeff94UO7kOGTJEjz32mOG5jRs3qrS0tI0r8h13E25LSkrauBLf
aW6boqKiDI/74t+1ua9pxnq8YbY2mK0eAIAxAoCFTJkyxXBoxuHDh/X+++/7oSJXkydP1uDBg12O
2+12ZWZm+qEi34iMjDQ8XlZW1saV+E5z29ShQwfD476Y5F1YWGh4PDo62u1zzFaPN8zWBrPVAwAw
xuBJCwkKCtI999yjBx54wOXcyy+/rKlTp7r9BX6hrKwsHTx40OX4qFGjvFpesl5AQICmT5+uvXv3
upw7efKk19f1t4qKCsPjERERbVyJ7zS3Te6+L/Lz81tci9E1goODFRsb6/Y5ZqvHG2Zrg9nqAQAY
IwBYzPjx4zVixAht377d6fi5c+e0dOlSLVy40KPrbNu2zXBS8UsvvdSiACDJ7UZSF65i1J5cjMMX
mtumyMhIJSQkuAS5rKysFteyf/9+l2PJycmNTm43Wz3eMFsbzFYPAMAY/3NajM1m0z333GN47s03
39SxY8c8uo67HXp9ManV3bKYrT1PobCwUFdeeaXLn88//7zF1zb6tERyP2TCV8zWpoEDB7ocO3Dg
QIvGiBcUFBjeHb7kkkuafK7Z6vGG2dpgtnoAAK4IABaUmpqqSZMmuRyvqanRK6+84tE13I27zc3N
bUlpktyP9W3tznJsbKwiIyNVXl7u9CcjI6PF1965c6fLsdDQUPXs2bPF126M2dpktHKQ3W7Xnj17
vK7DXVuMOqJmr8cbZmuD2eoBALgiAFjUggULDI+vXr3acPz9hXr16mV4/Ntvv21RXZLcvn5bjPUd
MmSIy7Evv/xSdrvd62seOHBA2dnZLsdHjRql4OBgr6/rKTO1aejQoYbHv/76a69ruXAvgnpG7TZ7
Pd4wWxvMVg8AwBUBwKL69++vOXPmGJ577rnnVFdX1+jze/TooYSEBJfjO3bsMByr66mKigp9/PHH
huf69evn9XU9NXbsWJdjR44c0Y4dO7y+5sqVKz1+rdZgpjYNHTrUcPjYypUrVVBQ0Ow6CgoK9OGH
H7ocj4+P14ABA5p8vtnq8YbZ2mC2egAArggAFnb77bcb7qK5detWrV+/vtHn2mw2TZgwwfDcP/7x
D6/H67/55ps6fvy4y/GePXuqW7duXl2zOSZNmmQ4qfDZZ5/1ajOjzMxM/ec//3E5HhwcrGnTpnlV
Y3OZqU3BwcGaOXOmy/HKykq9/PLLza5l8eLFht9rs2fP9mhyqNnq8YbZ2mC2egAArvjf08KSkpJ0
yy23GJ577rnnmuzEX3fddYbHN2/erIcffrhZq/bU1dXpvffec9tBmDt3rsfXaolOnTpp8uTJLscz
MjL0zDPPNGvYTF5enh555BHD58yaNcvj1ZIyMjL09ttva+nSpdq0aVOzh+6YrU3u/i1XrFih9957
z+NaVq9ebRhEAgICDDug7aGe66+/3uXPokWLmnyemdpgxnoAAM4CJ8XPftzfRTTmB/de6u8S/O6L
L77QgQMHXI7PnDmzxXfF+/fvrxUrVrjcCS4sLFSXLl0anWQXHx+vI0eOGI4FP3TokD744ANFRkaq
e/fuCg0NdXud77//Xk8//bTeeOMNw/MdOnTQk08+qZCQEA9b1TIDBw7UihUrVFtb63Q8IyNDBw4c
0PDhw91uglVvy5Yt+vWvf62jR4+6nIuMjNQf/vAHjzYwWrx4sX7729/q22+/1aZNm7R69WodOnRI
kyZNks1ma5dt6tixowoLCw3neqSnp0s6P5E0MDDQ8Pm1tbVatmyZ/vrXvxoOVbv++ut19dVXN1mH
Gev5n//5H509e9bpT58+fTR+/Ph20wYz1gMAbW3d864LZZiJ7cmUxY0P9vazR7//qb9L8LtHHnlE
n376qcvxl156SaNHj27x9d944w3985//dDnesWNHvffee26X/JSkU6dOacGCBTpy5Ijbx4SGhuqK
K67QkCFDHHeIS0pKdOTIEW3fvr3JNcKffvppTZw40bPG+Mjy5cv117/+1fBcUFCQZs6cqTFjxqh3
796KiopSXV2dioqKtH//fn3xxRf65ptv3F778ccf9+ju5eHDh/WjH/3I8G77M88843YIljtmaFO9
oqIi/eQnP3H7fdOjRw/NmTNHw4cPV3x8vKTzu8nu3r1bK1euVE5OjuHzunXrpqVLlzb6PWvmekaN
GuVybN68eXrooYfaTRvMWg8AtKWnLnnN3yU0igDQDrR2ACgtLdW1116rM2fOuJy78847dffddzf6
/MOHD+uuu+4yfH5L3XfffZo/f77Pr9uUuro6vfrqqx4Nv2iOWbNm6dFHH/Xo7v3q1av12GOPGZ6b
P3++7rvvvma9thna1FB2drZ+9rOfqaioyCd1xMTE6JVXXlH//v29er4Z6mlJAJDM0QYz1wMAbcXs
AYA5AFBkZKTbTv7rr7+uvLy8Rp/fs2dPLV26VJdddpnPagoODtaTTz7pl86/dH6S84IFC/Tggw8a
TpT2xty5c/Xwww973FFu7HW9WT7UDG1qqF+/fnr11Vd9shdCUlKSXn755RZ1DM1WT73mvLdma4PZ
6gEAnEcAgCRpxowZhr+kq6ur9eqrrzb5/ISEBD377LN65JFH1KlTpxbVMmnSJC1btswUY3xvvPFG
vf3224Z3Zj3VoUMHPfHEE/rtb3/brI57amqq212RW7KEqD/bdKE+ffpoyZIluvbaa72+xjXXXKMl
S5YoJSXF62uYoR53KzKFhYU16zq8pwCApjAEqB1o7SFA9T7//HP95je/MTy3fPly9enTx6PrlJWV
ac2aNfr444+1bds2j57TqVMnTZs2TWlpaabc3Keurk67d+/W+++/r88//1xlZWVNPmfQoEG65ppr
NH36dEVFRXn1ul9//bV+//vfq6SkRNL51U/uu+8+3XrrrV5dryF/tcmd7OxsrVixQh999JFKS0sb
fWx4eLimT5+u6667TpdccolP6/BXPSdPnjQMvb/85S918803e3VNq7+nAOAvZh8CRABAqzp58qQO
Hjyo7777Tq+88orTuauuukozZ85Ur1691L17d7crgphNTU2NcnJylJWVpaKiIhUWFqq2tlZhYWGK
j49X165d1a9fP3Xu3Nknr3fu3DkdPHhQ1dXV6t27d4s/YTHS1m1qTFVVlbKzs3Xw4EGdOHHC0VGM
jIxUQkKCkpOT1b9//zZbFaqt6tm9e7d++lPX/+9eeOGFFm8aZ9X3FAD8hQDQQgSAi8Px48c1a9Ys
p2MPPvigbrzxRj9VBJjL0qVL9eyzzzodCwoK0tq1a5tcohUAYC5mDwDMAQAAEzDafXvixIl0/gEA
PkcAAAA/+/7777V9+3aX47Nnz/ZDNQCAix0BAAD87J133nE5NnTo0BaP/QcAwAgBAAD86LvvvtOq
Vatcjt97770KCOC/aACA7/lmNyCgCdHR0XrwwQedjg0bNsxP1QDmYLfb9be//c3l+K233qoRI0b4
oSIAgBUQANAmoqOjWfEHuEBAQIB+97vf6fHHH1dWVpYk6fLLL9fPf/5zP1cGALiYEQAAwI8uueQS
vfbaa3rllVeUm5urP/7xjy3aXRkAgKYQAADAz8LCwvSLX/xCdrudcf8AgFbHbxoAMAk6/wCAtsBv
GwAAAMBCCAAAAACAhRAAAAAAAAshAAAAAAAWQgAAAAAALIQAAAAAAFgIAQAAAACwEAIAAAAAYCEE
AAAAAMBCCAAAAACAhRAAAAAAAAshAAAAAAAWQgAAAAAALIQAAAAAAFgIAQAAAACwEAIAAAAAYCEE
AAAAAMBCCAAAAACAhRAAAAAAAAshAAAAAAAWQgAAAAAALIQAAAAAAFgIAQAAAACwEAIAAAAAYCEE
AAAAAMBCCAAAAACAhRAAAAAAAAshAAAAAAAWQgAAAAAALIQAAAAAAFgIAQAAAACwEAIAAAAAYCEE
AAAAAMBCCAAAAACAhRAAAAAAAAshAAAAAAAWQgAAAAAALIQAAAAAAFgIAQAAAACwEAIAAAAAYCEE
AAAAAMBCCAAAAACAhRAAAAAAAAshAAAAAAAWQgAAAAAALIQAAAAAAFgIAQAAAACwEAIAAAAAYCEE
AAAAAMBCCAAAAACAhRAAAAAAAAshAAAAAAAWQgAAAAAALIQAAAAAAFgIAQAAAACwEAIAAAAAYCEE
AAAAAMBCCAAAAACAhRAAAAAAAAshAAAAAAAWQgAAAAAALIQAAAAAAFgIAQAAAACwEAIAAAAAYCEE
AAAAAMBCCAAAAACAhRAAAAAAAAshAAAAAAAWQgAAAAAALIQAAAAAAFgIAQAAAACwEAIAAAAAYCEE
AAAAAMBCCAAAAACAhRAAAAAAAAshAAAAAAAWQgAAAAAALIQAAAAAAFgIAQAAAACwEAIAAAAAYCEE
AAAAAMBCCAAAAACAhRAAAAAAAAshAAAAAAAWQgAAAAAALIQAAAAAAFgIAQAAAACwEAIAAAAAYCEE
AAAAAMBCCAAAAACAhRAAAAAAAAshAAAAAAAWQgAAAAAALIQAAAAAAFgIVbGigwAAIABJREFUAQAA
AACwEAIAAAAAYCEEAAAAAMBCCAAAAACAhRAAAAAAAAshAAAAAAAWEuTvApqrpqZGVVVVqqmpUW1t
rb/LAQAAgAUFBgYqKChIISEhCgpqX13qdlVtWVmZKisr/V0GAAAALK62tla1tbWqrKxUaGioIiIi
/F2Sx9rNEKCSkhI6/wAAADCdyspKlZSU+LsMj7WLAFBWVqbq6mp/lwEAAAAYqq6uVllZmb/L8Ijp
A0BNTQ13/gEAAGB6lZWVqqmp8XcZTTJ9AKiqqvJ3CQAAAIBH2kPf1fQBoD2kKAAAAEBqH31X0wcA
lvoEAABAe9Ee+q6mDwAAAAAAfIcAAAAAAFgIAQAAAACwEAIAAAAAYCEEAAAAAMBCCAAAAACAhRAA
AAAAAAshAAAAAAAWQgAAAAAALIQAAAAAAFgIAQAAAACwEAIAAAAAYCEEAAAAAMBCCAAAAACAhRAA
AAAAAAshAAAAAAAWQgAAAAAALIQAAAAAAFgIAQAAAACwEAIAAAAAYCEEAAAAAMBCCAAAAACAhRAA
AAAAAAshAAAAAAAWQgAAAAAALIQAAAAAAFgIAQAAAACwEAIAAAAAYCEEAAAAAMBCCAAAAACAhRAA
AAAAAAshAAAAAAAWQgAAAAAALIQAAAAAAFgIAQAAAACwEAIAAAAAYCEEAAAAAMBCCAAAAACAhRAA
AAAAAAshAAAAAAAWQgAAAAAALIQAAAAAAFgIAQAAAACwEAIAAAAAYCEEAAAAAMBCCAAAAACAhRAA
AAAAAAshAAAAAAAWQgAAAAAALIQAAAAAAFgIAQAAAACwEAIAAAAAYCEEAAAAAMBCCAAAAACAhRAA
AAAAAAshAAAAAAAWQgAAAAAALIQAAAAAAFgIAQBAu/aXv/xFjz/+uL/LAACg3QjydwFAQ2VlZTpx
4oRCQ0OVkJCgoCC+RdG43NxclZaW+rsMAADaDT4BMJmamhqVlZU1609lZaW/y26xyspKvfTSS5o7
d64WLFig2267TTt27PB3WW3uyJEjOnHihN9ef+PGjZo8ebLuv//+Vn0do+/jiooK1dXVNes6xcXF
qqysVHV1tQoKCryqpbKyssmfseY6ceKEMjMzlZOT4/HPZ1s952Lg7fepNz9fbfUz4e8arPq7p7i4
WFlZWdq7d68OHz6smpoaf5fksHnzZr9/7+Hixe1Vk0lPT9cf//jHZj3nsssu01NPPdVKFbWNf/3r
X3r//fcVEhKiH/zgB4qKilKXLl38XVabys3N1V133aWgoCAtW7ZMcXFx/i6pVdjtds2ePdvt+T59
+mjs2LGaOXOmEhISDB+Tn5+v559/Xps3b3aEhhtuuEGXXXaZFi5c2KzvnSeffFKbN29u9DEff/yx
R59G7d27Vy+++KL279/vOBYaGqrrrrtON998s0JDQ/32HKuzys+Xt6z2u2ffvn164403tGXLFqfj
kZGRmjt3rm644QaFhYX5qTqg9REATKZDhw4aPXq0y/EdO3aopqZGAwYMUHR0tNO55OTktiqvVZSU
lGjlypWSzo/nHjp0qJ8r8o+QkBCFhIQoPDzcMkOfBg4cqKioKElSXV2dioqKdODAAeXk5GjlypV6
6qmnNGzYMKfnHD16VAsXLlRpaam6d++u1NRUBQQEKD09XRs3btTBgwf14osvKiYmxqMa6u8Id+jQ
QTabzeu27Nq1S7/5zW9UU1OjK6+8UkOHDtW5c+e0evVqvfXWWzp06JB+//vfO71GWz0H1vz5ag4r
/e5JT0/Xk08+qbq6OvXp00dDhw5VVFSU8vPztWHDBr355pvavn27/vznPysiIsLxvDVr1mj9+vW6
4oorNG3aND+2AGg5/hc0mUsvvVSXXnqpy/F58+apsLBQd999twYPHuyHylpPXl6e6urqFBMTY9nO
vyQlJSXpnXfeUUBAgNMvnYvZwoULlZKS4nSssLBQzz33nNatW6ennnpKS5YsUWRkpOP8smXLVFpa
qgkTJuihhx5SSEiIJGn+/Pl64IEHdOTIEb3//vuaP39+k69fV1en/Px8SdLSpUsVHh7uVTvq6ur0
7LPPqqamRgsWLNC8efMc52bOnKl7771XGzZs0MaNGzVu3Lg2fQ7Os+LPV3NY5XdPYWGh/vrXv6qu
rk533HGHrr/+egUE/N9o6FOnTumJJ55QRkaGlixZonvuucdxLi8vTxs3bmy3wQdoiDkA8LuqqipJ
8viO7cUsKirK8p2T2NhYPfDAA+rQoYMKCwu1detWp/MbNmyQdL5jUt/5l87fwfzxj38sSVq3bp1H
r1VaWqrKykpFR0d73fmXpKysLB05ckSxsbGaO3eu07n4+Hhdf/31kqSvv/66zZ+D/8PPF3bs2KHy
8nJ16dJFN9xwg1PnX5I6d+6shQsXSpJWrlypkpISf5QJtDo+AbhIZGdna+XKlerRo4fS0tK0bNky
/X/27jw8qupw4/h3kiH7HrIQAsGwBgIB2XdBQFFA7U+UWrQuaNW6151a24pLRVqFlmpdsVorLlRQ
ggqUxbBECQHCEoEQwpYQEgIh+zK/P9IZM2SyTVa47+d5+lRm7rn3zJ17M+e995xzd+zYwYABA3jg
gQdsy508eZL4+HiSk5PJycnBz8+PAQMGcPXVV9O5c2eH6+zRowdXX301a9asYd26dZw4cYLAwEBG
jx7N9OnTHfY3Tk1NJT4+nr1791JcXEx4eDjDhg1j6tSpth/gI0eOsHTpUtvgzZycHBYsWADA0KFD
GTduHAAVFRUkJCSwdu1aMjIy8Pb2JjY2lunTpxMREeHUfnBmnc7sh4KCAlatWkViYiInT57E09OT
2NhYrr76aqKiouyWzc3N5d133wXgkUceqdGFozHfXX1OnTrFsmXL2L59O8XFxXTv3r1Bt7Qbs9+a
wsfHh7i4ODZs2MDRo0dtr5eXl1NUVAQ4Dow9e/YE4PDhw1RUVODq6lrndvLy8gCIjIxsUn3T0tIA
GDJkiMPuJdY7Wzt37mz1MrVpiXPFqjHHfVO2A1UDylesWMGWLVs4ffo04eHhjB8/nsmTJ9vto/rO
L2fPifZwXpaXl7N27Vo2btzIsWPHcHNzo1evXkyaNKlGF7qW0tg6NPbv6tq1a9m+fTvR0dE1wi9U
hePly5fj6enJPffcU2sXuPz8fADCwsJqXaZHjx707NmTyspKsrOz+fe//82ZM2dsY26sx5rZbObB
Bx+0K+vMb2x956Aje/fuZeXKlZhMJmbNmtWsf3/FGBQALhK5ubmsWrWK6Oho4uPjbY2m8PBw2zLJ
yck8++yzFBYW4u3tTVhYGIcPHyY1NZUvvviCefPm2d0Ctq5z4MCBfP/992zduhUvLy/Ky8s5duwY
KSkpbN++nXnz5tn9IY2Pj+fPf/4zUNWQ8/HxISkpiaSkJFauXMn8+fMJCgri7NmzrF69msrKSgCK
iopYvXo1gG0QZ0FBAS+99BJbtmyxfZ4jR46wb98+li9fzssvv2x3W7oh+8HZdTZ2P2RlZfHYY49x
4sQJTCYT4eHhZGRksH//flasWMHTTz/N2LFjbcsXFxezatUqAB5++GG7dTX2u6vLoUOHePTRRzl7
9ixQdcV9w4YNrFu3jtjY2FrLNXa/NZW18V69EW82mwkLCyMrK4s9e/bU+NHr1KkT77zzDkCNK3uO
nDlzBvjpeCstLeXs2bP4+vo2aiCtdRxB9eOsuuDgYKCqe0FpaSlubm6tVqY2LXGuWPdFY457Z7cD
VQHu4YcfJi0tDW9vbyorKzl27Bjbtm0jMTGRuXPn2kJAXeeXs+dEezgv8/Pz+d3vfkdKSgomk4mI
iAhycnKIj48nPj6eG264gTlz5rTomBBn6tDYv6tBQUGsWrUKT09Prrrqqhrn59q1a1m1ahXXXHNN
nZ+1U6dOAOzZs4eMjAy6du1aYxmz2czixYtt/966dStHjx6loqICqBpQfuTIETw8POwCgLO/sXWd
g46kpaXx9NNPc+7cOR566CE1/sUpCgAXmbS0NDp37sxvf/tbunXrRocOHYCqH8o//OEPFBYWcv/9
93PVVVdhNpspKSnh3Xff5bPPPmP+/Pm8//77Na4sJicn07VrVxYtWkTv3r0B2LhxI8899xyJiYns
3LmTuLg4oKqP5KuvvorJZOKZZ56x/dCfPHmSF198kZSUFN58802eeOIJ+vXrR3x8PLt37+ahhx4i
MjLSdoXOatGiRWzZsoXhw4fz0EMP0bFjR8rLy1mxYgWLFy/mpZde4q233qrxY1DbfmjKOhuzHyor
K3nppZc4ceIEkydP5le/+hX+/v5UVFQQHx/Pa6+9xgsvvMDbb79d7x/vpnx35ysrK+OFF17g7Nmz
jB49mvvuu4+OHTtSWlrK6tWrWbRoUa1lnd1vzsjPzycpKQmgxhXjK6+8kiVLlrB48WI8PT0ZNWqU
7Qff1dWVLl26NHg7p0+fBqquvD799NO2GUFcXFwYOXIkt956K926dat3Pda7ErXNGlJ9nxQVFeHm
5tZqZerTnOeKs8e9s8fWsWPH6N27N2+88QbR0dFYLBaSkpKYN28e3333HatWrWLatGl1fn5nz4n2
cF5aLBYWLFhASkoKQ4cO5eGHHyYkJASLxcLOnTuZN28eS5cuJSIigquvvrrOOjirqXVo6N/V/v37
ExwcTE5ODsnJyQwfPtyuDtZub+eHy/MNHDiQ7t27c/DgQR577DF+9atfMXr06Dr/br355psALFmy
hA8++IBZs2Zx++232y3TlOOhrnPwfEeOHOGpp57i3LlzzJkzp8W+V7n4aQzARcbd3Z0//elPjB8/
nqioKNuP7MGDB4mKimLq1KnMmDHD9gfI3d2d2267DbPZTHZ2tl13CytPT09eeOEF+vTpg8lkwmQy
MW7cOMaPHw9gNxXhvn37qKysZODAgXZ/iENDQ/n1r38NwLp16xo01/Lu3btZs2YNwcHBPPnkk3Ts
2BGoujpz3XXXERsbS2ZmJlu3bm3wfmjKOhuzH3744QdSUlLo2rWrrT87VDVQp02bxrXXXkt5ebnt
jkddmvLdnS8xMZH09HR8fHx4/PHHbZ/fzc2Nq666iltvvdVhuabst8bKzs7mT3/6E2fOnKFr1641
ZiaZOXMmo0aNIj8/n9///vfcfffdLF++3KnnAFjLpKSkkJKSQv/+/enTpw8Wi4WEhAQeeOAB9u/f
X+96ysrKAGq98lj9boT12G+tMvVpznPFmeO+KceWj48Pf/zjH4mOjrbtl8GDBzNnzhwAPvnkk3qf
LeHsOdEezssdO3aQkJCAl5cXTz31FCEhIbb9EBcXZ5s//u2333bqeRYN0dQ6NPTvqqurK1dccQVQ
NYtPdQcOHCA7O5ugoKB670J26NCBefPmERsbS25uLi+++CI33XQTCxcu5Pvvv7eNSWusphwPtZ2D
58vKyuLJJ58kNzeXWbNmceONNzpVVxHQHYCLTo8ePRzOgT548GAGDx7ssIy7uzudO3fm8OHDtv6R
1UVHRztcp/XWqbUbBWCbrSUjI4MzZ87YGgAA3bt358svvwRo0DR8GzduBOCKK66wTRVZ3eWXX05K
Sgo7duywjRewqm0/NGWdjdkPmzdvBmDq1KkOr+ZMmTKFsrIyu/1Tm6Z8d+ezDqitPhajutr6Zzdl
v9XljTfesJta8MSJE6Snp1NZWUloaCjPPfdcjWPF3d2d3//+98THx/Phhx+SlpbGokWL+Nvf/sY1
11zDL37xiwbtV6j6Ti+//HICAwO5+eabbfvk5MmTzJs3j7179/LKK6/w+uuvX7TTajbnueLMcd+U
YysqKsrhfP5jxozhtdde4/jx45w4caLOu2zOnhPt6bycMWNGjSk6oWqe/oiICI4fP87OnTsZMWJE
vXVprKbWoTF/V8eNG8e//vUv1q9fz3333We7am+9c3f+uI/adOzYkVdeeYUNGzawdOlSDhw4wIoV
K1ixYgVBQUHMnDmz1nFdtWnK8VDbOVhdXl4eTz31FCdPnmT69Ok17kCINJYCgMEUFxeTnJzM/v37
OX36tO2KYnZ2NkCjnsRq/YG39osEiIuLo2fPnuzfv585c+ZwxRVXMGDAAGJiYhrdr9o64NE6MO58
GRkZAA26wtaS63S0Hw4cOABQa/eRnj17Nvrpjs3x3R06dMi2/cZoif0GtQ9WnTp1KnfffXetM7aY
TCauuuoqpkyZQlJSEt988w3r169n2bJlbNmyhfnz5zfoYWCxsbEO+1eHhobym9/8hjvvvJO0tDRS
U1Pp06dPoz5bbZwJEq1VpjpnvnNnjvuWOLb8/f0JCwsjMzOz3gDg7Dlh1ZbnZWpqKkCtx6arqyux
sbEcP36cw4cPt0gAaKk6OPq72r17d6Kjo0lLS2P79u22dVm7/4wZM6bB9XZ1dWXChAlcdtllHDp0
iMTERNasWUN6ejpvvPEGa9as4fnnn2/0A+Oa8zfWqqioiHnz5nHkyBF69+7Nvffee9FekJDWowBg
ID/88AOvvPIKOTk5uLi4EB4eTmBgINDw7gL1cXd3Z/78+SxfvpxPPvmEjz/+mI8//hiTycTo0aO5
/vrrGzxQ9NSpU0DVw1e++eabWpdrzK3tllinI9aBfM015WBzfXfWKe2sZRuqpfbb/Pnz6dGjh+3f
X331FW+99Rbp6ekNmpbTbDYzbNgwhg0bxk033cRzzz3H0aNHWbhwYaOfanq+qKgo4uLiSE5O5tCh
Q3UGAGtf++qNleqqv25t2LRWGWc58507c9y31LEVGhpKZmYmxcXFdS7n7DkBbX9eWmexqquc9Wna
1u+mubV2Ha688koWL15MQkICI0aM4Pjx46SlpdGpUyfbGILGMJlMREdHEx0dzY033khSUhKvvvoq
Bw4cYP78+bz44osNXldL/cZaQzJUBa7du3fbxpuJOEsBwCAOHz7M3LlzcXFx4dFHH+Wyyy6zuxp/
5513kp6e3izb8vb25uc//zkzZ85k//797Nq1i82bN/Pdd9/x3Xff8eCDD9Y7MA9+mv3l3nvvrbPx
1Zi7Ci2xTkesgzStV3+aojm/O2u9GtuYaqn95uXlZdftY8aMGSxbtoy9e/eyfv16LrvsMrvlKyoq
sFgsuLq61rgCFh0dzWOPPcaDDz5IYmIiZ8+ebfKzJSIiIkhOTq53LnBr17fa9mv1Rqg12LRWGWc5
8507c9y31LFlbWzWF4ScPSfaw3lp/Y7rKmftclLbwPGmau06jBo1isWLF9u6AVm7T02ZMqXJV8Wt
Y0h++9vf2tZ99OjRBk0T3NK/scOGDaN///68/fbbvPjiiyxevLjRdydEqlMAMIi1a9dSWVnJ9ddf
bxtI1dLMZjMxMTHExMRwww032KYH/fvf/87EiRPrvUoYHh5Oenq6bT3NoSXW6UhkZCRpaWm2aRvP
Z7FYsFgstkFvdWnO7y4iIoLU1FROnDjRqHKttd88PT259dZbWbBgAW+//TYjR460+xH961//ypdf
fsm9997rcC7wXr16YTKZsFgs5OXl1RkACgsLWb16NW5ubrXOtW4dJFzfsWqdWrC2birW46BLly62
PsqtVcZZznznzhz3LXFslZeXc/z4ceCnqVFr4+w50R7Oy6ioKNLT0zl27BhDhgxxuMzhw4eBn46d
5tbadQgLC2Pw4MFs27aN7du32wYEjxo1qt6yFouFX/ziFxQVFfHyyy/X2uWqV69eeHh4UFxcTHZ2
doMCQEv+xnbq1Inf/va3eHh4sG/fPhISEliwYAHPPfdcg6Y7FnFER45BWG+zO7piUFJS0my3h+fO
nctNN91ke1prdZMnT8ZkMlFaWmq7bVyXSy+9FICVK1fW2uWhoKCgUfVriXU6Yh0MtmnTJofvr127
liuuuIJXXnml3nU153dnfSDPN99847Avam1XultrvwFMmjSJLl26kJmZyVdffWX3nnV+bGu/4/Pl
5OTYPpejAaXVubm58Y9//IMFCxY4bLAWFhaye/duoPY+7VbWbkzbtm1zeCU0OTkZwO6BSK1VxlnO
fOfOHPdNObZycnIcdq3Ytm0bpaWl+Pj41DstrLPnRHs4L60zZH311VcOy2VkZJCcnIzJZGqxB4K1
RR0mTZoEwH/+8x/bw8GsM0HVxWQy0aVLF86dO8f27dtrXe7MmTO2u2nV/47UdbGmJX9jg4KC8PT0
xGQy8fDDDxMaGkpiYiKffPKJ0+sUUQAwCOsTCFetWmU3C0F+fj6vvPKK7UpnU7usxMTEkJ2dzeef
f16jgbJr1y4sFgvu7u71XpWDqtk//Pz8OHDgAB999FGNH5cNGzYwe/bsOv+Qt8Y6HRk3bhwBAQEk
JCTw3//+1+697Oxs/vnPfwL1z1kNzfvdjR07Fm9vb9LS0mwzMlllZGTYHqJ1vtbab1B158g6w8X7
779vFxatjY01a9awZs0au3qcO3eOv//970DVcVjf7XGz2Wy7Uvfmm2/aTf9nsVj48MMPyc/PJyoq
yu7KdFJSEomJiXbbjoqKol+/fhQVFbFkyRK796xPvAbsujS1VhlnOfOdO3PcN+XYyszM5PXXX7cL
Afn5+SxZsgSA6dOn1/ssBGfPifZwXo4dO5awsDAOHTrEZ599ZrfvioqKeP311wGYNm2arR9+c2uL
OgwfPhyz2cy2bduAnwJBQ8yaNQuomtP/22+/rREgz507Z3vuQufOne2ChbULk3VAb3Wt9Rvr7+/P
008/jclk4u2332bXrl1NWp8Yl7oAGcSUKVNYtmwZ6enp3HbbbQwaNIiysjKSkpKoqKjA39+fM2fO
2E255oxrr72WjRs3snPnTm655RbGjx+Pv78/R48etc3UcMcddzSoP6+fnx/PPPMMc+fOZcmSJWze
vJlhw4YBVWFix44dhIeHN+opiC2xTkd8fHx49NFHeeaZZ3jhhRdYvXo1PXv2JC8vjzVr1lBcXMyM
GTMaNCNGc353/v7+PPjgg7zwwgssXLiQdevW0b17d3Jycvjuu+9qHcjXWvvNavTo0cTExLB3714+
/vhjfvWrXwFV/fxnz57NBx98wEsvvcSHH35ITEwMBQUF7Nixg3PnzuHp6cl9993XoO3Mnj2bpKQk
1q9fz4EDBxg2bBje3t4kJSWxZ88ezGYzDz/8sO02e1paGk888QQACxYssLui+cADD/DQQw/x+eef
k5qayqBBg2xPuy4sLGTq1KkMHDjQbvutVcYZznznzhz3TTm2wsPDiY+P5/vvv+fSSy+lsrKSTZs2
kZeXR+fOnZk5c2a9n9PZc6I9nJdeXl7MnTuXJ554gjfeeINNmzYRFxdHcXExGzduJCsriz59+rTo
lJFtUQdfX1/Gjx/PmjVrgIZ1/7EaNGgQjzzyCH/5y194+eWXeffdd4mNjSUgIICcnBx++OEHCgsL
8fLy4sknn7R7Ern1Dtzq1aupqKjAzc2N3/zmN5hMplb7jQXo168fd911F2+88YZtPEBAQECT1yvG
ogBgEB07dmTBggUsXLiQHTt2sG7dOqDq1vPdd9/NypUr+fLLL9m9ezcTJ050ejs+Pj7Mnz+fJUuW
8PXXX7N8+XLbe127dmX27NlMmDChwesbOHAgixYtsjUMrA+FMZvNTJs2jV/+8peN/sPXEut0ZPjw
4cyfP5933nmHxMREEhMTAQgJCeHee++ttd/5+Zr7u5swYQJms5k33niDnTt3snPnTtzc3Ljmmmu4
7LLL7B5tX11r7TeoutV+++2389hjj/H5558zffp0WwPwl7/8JbGxsbz33nvs27ePI0eOAFXjByZN
msRtt93W4CuNgYGBvPrqq3z44YesXLnSbhrKuLg45syZYzcw1c/PD19fX8rLy2vcYYiOjmbhwoW8
9dZbbN261dZ9KCAggJtvvtnhmIXWKuMsZ75zZ457Z4+tSy+9lClTprB48WK7K+ejRo3i17/+tcN5
6R1x5pxoL+dlTEwMCxcu5L333mPTpk22K8JeXl7ceOONzJo1q97ucE3VFnW47LLLWLNmDX379rVd
fW+oqVOn0rdvXz799FM2btxod7fK09OTadOmMWvWrBpTCQ8aNIgbb7yRpUuX2so88sgjmEymVvuN
tfrZz37Gjh072LJlCwsWLOAPf/iDxgNIo5j+2Oudxk9K24ru23JtW1fhopObm8vZs2fx9fVtUFcc
Z5WVlXHy5ElKS0vx9fW1Pd3SWQUFBeTk5GA2mwkODm7yTD0ttU5H8vLyyMvLw93dnfDwcKdnq2jO
766yspLMzEzKy8sJCQlp1KwxrbXf6pOVlcXs2bMZN24cTz31VJMGvpaVlZGZmUllZSUBAQG1Pkys
pKSEysrKOvdXfn4+OTk5uLm5ERYWZncVsa3LOMuZ79yZ497ZY+vUqVOcO3eOwMDABj8I7nzOnhPt
5bw8d+4cubm5mM1mQkJCmjwVrDNaqw6rVq1iwYIF3H///cyYMcPp9ZSXl5OTk0NhYSGenp6EhITU
ex7l5+dz+vRpgoODbTNzVddav7HSvv11xH/augp1UgAQkQtWYWEh11xzDVdeeSW/+c1v2ro6ItIK
LBYLDz74IHv37uVf//oXISEhbV0lkRraewBQFyARuWC5ubnx2GOPNeipvyJy4bNYLHz11Vfs3buX
CRMmqPEv4iQFABG5YJnNZqZMmdLW1RCRFmaxWHj88cfJzMwkMzMTLy8vbrnllraulsgFSwFARERE
2r2UlBTKy8vp0aMHDz74YIMe0CUijikAiIiISLtmMplYsWIFRUVFDZ7dSURqpzmjREREpN0zm81q
/Is0EwUAEREREREDUQAQERERETEQBQAREREREQNRAGiHEhMTmTx5Mg899FCrbO/gwYPk5eW1yrba
WlZWFnv37iUtLY2SkpJ6l6+oqODw4cPs3r2bI0eOUFlZ2arbb2iZ1j5mRERE5MKlWYAMbuPGjfzx
j38kJCSEDz/8EJPJ1NZVahG7d+9m8eLF/Pjjj7bX3N3d+b//+z+OKGn5AAAgAElEQVRuuukm3N3d
a5T5+uuveeedd8jNzbW9FhERwf3338+QIUNafPvOlBERERGpjwKAwXl5eQFc1DMr7NixgyeffJLy
8nLGjh1L//79OXv2LCtXruRf//oXhw8f5tlnn7ULP1988QV//etfMZvNTJs2jYiICHbv3k1CQgJz
587lxRdf5NJLL22x7TtTRkRERKQhFAAMbvDgwXzyySd4eXldlI1Ji8XCa6+9Rnl5OXfddRczZ860
vTdt2jTuv/9+EhIS2LJlCyNHjgQgOzub119/HYCXX36Z/v37AzBz5kyWLVvG4sWLWbBgAe+88069
V+Gd2b4zZUREREQaSmMAhICAANzc3Nq6Gi1i//79HDlyhICAAK677jq794KDg7nhhhsAWL9+ve31
9evXU15ezuWXX25r/Ftde+21DBw4kJMnT7Jly5YW2b4zZUREREQaSncA2rny8nK+/fZb1q9fT2Zm
JoGBgYwePZrp06c7vPpcXl7O2rVr2bhxI8eOHcPNzY1evXoxadIkBgwYUGP5I0eOsHTpUvz9/Zkz
Z06N9ysqKkhISGDt2rVkZGTg7e1NbGws06dPJyIiolGf5eTJk8THx5OcnExOTg5+fn4MGDCAq6++
ms6dOzssk5qaSnx8PHv37qW4uJjw8HCGDRvG1KlTbd2X6pKWlgbAkCFDMJtrHu7WBv7OnTttr+3d
uxfAYRcfk8nExIkTSU5OZseOHYwfP972XlJSEuXl5QwdOtR2N8WZ7TtTprrGHjMiIiJiLAoA7Vhh
YSHPPvssiYmJeHl5UV5ezrFjx0hJSWH79u3MmzfPrttOfn4+v/vd70hJScFkMhEREUFOTg7x8fHE
x8dzww03MGfOHLsyZ8+eZdWqVURGRtYIAAUFBbz00ku2K93h4eEcOXKEffv2sXz5cl5++WX69evX
oM+SnJzMs88+S2FhId7e3oSFhXH48GFSU1P54osvmDdvHoMGDbIrEx8fz5///GcAfHx88PHxISkp
iaSkJFauXMn8+fMJCgqqc7tZWVm2ujsSHBwMVHX7KS0txc3NjTNnzgBVd0YcsYaVw4cP215LS0vj
iSeeAGDBggW2sOXM9p0pY9XYY0ZERESMRwGgHTt06BAVFRUsWrSI3r17A1Wz9jz33HMkJiayc+dO
4uLigKp+4wsWLCAlJYWhQ4fy8MMPExISgsViYefOncybN4+lS5cSERHB1Vdf3aDtL1q0iC1btjB8
+HAeeughOnbsSHl5OStWrGDx4sW89NJLvPXWW/VeVc7Ly+MPf/gDhYWF3H///Vx11VWYzWZKSkp4
9913+eyzz5g/fz7vv/++7Yr3iRMnePXVVzGZTDzzzDOMHTsWqLqL8OKLL5KSksKbb75pa3TXpqio
CAAPDw+H71eve1FREW5ubvj5+QFw+vRph2Ws66o+O5Cfnx++vr6Ul5fbhRJntu9MGavGHDMiIiJi
TBoD0I55enrywgsv0KdPH0wmEyaTiXHjxtm6nVSfHnLHjh0kJCTg5eXFU089RUhICFDVZSUuLs42
P/zbb79NYWFhvdvevXs3a9asITg4mCeffJKOHTsCYDabue6664iNjSUzM5OtW7fWu66DBw8SFRXF
1KlTmTFjhq2R7+7uzm233YbZbCY7O5ujR4/ayuzbt4/KykoGDhxoa/wDhIaG8utf/xqAdevWUV5e
Xue2y8rKbPvBEReXn04B67p69uwJwObNm2v9PFAVuqw6duzIRx99xMcff0xkZGSTtu9MGavGHDMi
IiJiTAoA7Vh0dDRhYWE1Xu/atSuArasKVF3lBZgxY4bDKT1HjBhBREQE+fn5tfYdr866viuuuAIf
H58a719++eVAVfCoz+DBg3n11Vd55JFHarzn7u5u61KTn59ve93b2xuAjIwMu88J0L17d7788kv+
85//OOwj31SjR4/GZDKRkJBQ4/OlpKTYZgjy9PSs8VnOf621NeaYEREREWNSF6ALUIcOHYCqAbpW
qampAPTp08dhGVdXV2JjYzl+/DiHDx9mxIgRdW7DOhD11KlTLFu2rMb7GRkZAHZX7etTXFxMcnIy
+/fv5/Tp07Yr3dnZ2YD9FfW4uDh69uzJ/v37mTNnDldccQUDBgwgJiYGX1/fFhnMar3i3rVrV2bN
msVHH33Ek08+yZVXXkloaCgHDhxgw4YNXHLJJRw6dMjWF7+5t98SZRwdMyIiImJMCgAXiby8PAAC
AwNrXSY0NBSoGvhbn1OnTgHwzTff8M0339S6XEO6EwH88MMPvPLKK+Tk5ODi4kJ4eLitro668bi7
uzN//nyWL1/OJ598wscff8zHH3+MyWRi9OjRXH/99Q0agGztH19bw7f669ZGMsBtt92Gl5cXH374
IV9++SVQdcX/zjvvJDQ0lOeff75BsyA5s31n6ywiIiLSEAoAFwlr15O6GuTWLja1DS6tztXVFYB7
77231rsKQIOuxB8+fJi5c+fi4uLCo48+ymWXXWZX7s477yQ9Pb1GOW9vb37+858zc+ZM9u/fz65d
u9i8eTPfffcd3333HQ8++CDTpk2rc9vWrkS17Zfi4mLbf1fvvmMymZg1axYzZswgMzOTiooKIiMj
8fT05J133gEgJiam3s/uzPadrbOIiIhIQygAXCSioqJIT0/n2LFjDBkyxOEy1mkrO3XqVO/6wsPD
SU9Px2w2N6ihW5e1a9dSWVnJ9ddfzxVXXNHo8tY6xMTEcMMNN9imB/373//OxIkT63wegPWz1tZV
yTrlZpcuXRyOJ/Dy8iI6Otr275KSEtauXYuLi4vD5yo0x/abWmcRERGRumgQ8EVi6NChAHz11Vd2
femtMjIySE5OxmQyNajhan0I1sqVK2vtilJQUNCgulm7Ezmas7+kpMRhl6S5c+dy0003kZCQUOO9
yZMnYzKZKC0ttXV9qk2PHj0A2LZtm8Mr6snJyQAN2icWi4X333+frKwsrr766gaNAXBm+81ZZxER
EZHzKQBcJMaOHUtYWBiHDh3is88+swsBRUVFtplrpk2bZhsLUJfLL78cPz8/Dhw4wEcffVQjVGzY
sIHZs2ezffv2etdlneVn1apVdjP95Ofn88orr9jm07cOCoaq7jXZ2dl8/vnnNRrBu3btwmKx4O7u
Xm8jPCoqin79+lFUVMSSJUvsPof1KcgAl112Wa3rsFgsHDp0iD/96U8sXbqUzp07c+utt9ZYLikp
icTERLttOLP95qiziIiISG3Uf+Ai4eXlxdy5c3niiSd444032LRpE3FxcRQXF7Nx40aysrLo06cP
t99+e4PW5+fnxzPPPMPcuXNZsmQJmzdvZtiwYUBVA3zHjh2Eh4c3aCDslClTWLZsGenp6dx2220M
GjSIsrIykpKSqKiowN/fnzNnzthNUXnttdeyceNGdu7cyS233ML48ePx9/fn6NGjrF+/HoA77rij
QWMQHnjgAR566CE+//xzUlNTGTRoEGfPnmX16tUUFhYydepUBg4cWKNcYmIi7733HsePH7fd7ejf
vz+PP/647WFhVrU9CdjZ7TtbZxEREZH6KABcRGJiYli4cCHvvfcemzZtYteuXUBVOLjxxhuZNWuW
wzn9azNw4EAWLVpkCwDWh0iZzWamTZvGL3/5SwICAupdT8eOHVmwYAELFy5kx44drFu3DqjqwnL3
3XezcuVKvvzyS3bv3s3EiRMB8PHxYf78+SxZsoSvv/6a5cuX29bXtWtXZs+ezYQJExr0OaKjo1m4
cCFvvfUWW7duZffu3QAEBARw8803c9111zksl5+fz8GDBwkPD2fEiBGMGjWKUaNGOex3X9uTgJ3d
vrN1FhEREamP6Y+93qnZYbwduW/LtW1dhQvSuXPnyM3NxWw2ExISUut0kbt37+ahhx4iMjKSd999
t9b1FRQUkJOTg9lsJjg42Ol5+HNzczl79iy+vr4Nnke/rKyMkydPUlpaiq+vr+2pxM7Iz88nJycH
Nzc3wsLCbLMdOWKxWBo1N39JSQmVlZV1zszTmO03pYyIiIi0nb+O+E9bV6FOugNwkfLx8WnQ1f7K
ykqg/vnkvb29bdNTNkVQUJDDwcB16dChg20cQVP5+vo6fFKyI419MFdDQlFjtt+UMiIiIiK10SBg
gztw4ADQsKlBRUREROTCpzsABvX222+TlpbG999/D8CIESPauEYiIiIi0hoUAAzqyJEjJCYm4uHh
wc9+9jMmT57c1lUSERERkVagAGBQzz77LOfOncPHx6fRfd1FRERE5MKlAGBQJpNJA0tFREREDEiD
gEVEREREDEQBQERERETEQBQAREREREQMRAFARERERMRAFABERERERAxEAUBERERExEAUAERERERE
DEQBQERERETEQBQAREREREQMRAFARERERMRAFABERERERAxEAUBERERExEAUAEREREREDEQBQERE
RETEQBQAREREREQMRAFARERERMRAFABERERERAxEAUBERERExEAUAEREREREDEQBQERERETEQBQA
REREREQMRAFARERERMRAFABERERERAxEAUBERERExEAUAEREREREDEQBQERERETEQBQAREREREQM
RAFARERERMRAFABERERERAxEAUBERERExEAUAEREREREDEQBQERERETEQBQAREREREQMRAFARERE
RMRAFABERERERAxEAUBERERExEAUAEREREREDEQBQERERETEQBQAREREREQMRAFARERERMRAFABE
RERERAxEAUBERERExEAUAEREREREDEQBQERERETEQBQAREREREQMRAFARERERMRAFABERERERAxE
AUBERERExEAUAEREREREDEQBQERERETEQBQAREREREQMRAFARERERMRAzG1dARERERGRi4l/hHdb
V6FO7f8OQGVbV0BEREREpIEqTW1dg3q1+wBw9lhRW1dBRERERKRBCk4Wt3UV6tXuA0DKskNtXQUR
ERERkQbZszy9ratQr3YfAH789ggFmSVtXQ0RERERkToVZJawb1VGW1ejXu0+ALiaXfj83g2UF2ow
gIiIiIi0T+WFlXx+74a2rkaDtPsAwP/GUXw0e43uBIiIiIhIu1OQWcJHs9e0dTUa7IKaBvTzezfQ
58qu9J3RDe9QD3CxtHWVRERERMSIKk0UnCxmz/L0C6LbT3UXVAAA2Lcq44LbySIt5czxgmZdX3uf
t1ikLel8E2k9Ot9aVvvvAiQiIiIiIs1GAUBERERExEAUAEREREREDEQBQERERETEQBQAREREREQM
RAFARERERMRAFABERERERAxEAUBERERExEAUAEREREREDEQBQERERETEQBQAREREREQMRAFARERE
RMRAFABERERERAxEAUBERERExEAUAEREREREDEQBQERERETEQMxtXQERMZbwvsGMvCOWsN5BmN1d
27Qu5SUVZO3LZfM7KWTuyWnTuoiIiLQWBQARaTXhfYO55qWxuPu6tXVVAHAzu9BlcBihvQL54smN
CgEiImII6gIkIq1m5B2x7abxX527rxsjb49t62qIiIi0Ct0BaAUu5qqcVVle2cY1EWlbYb2D7P7d
1ueE9dwECOsTVMeSIsbl4eeGycUEgKXSQvHZ0jaukYg0lQJAC7lkVAT9ro4mvE8QHv7uABSfKSFz
Xy67v0rj0KbjbVxDkdZXvc9/ZXklf538aRvWBu779npbCGjr8Qgi7dWcz2bYXchq6/NW5GI3+alh
AHz7YmKLbUMBoJm5eZmZ9PgweoyLBJP9e15BHkSPiiB6ZAQHNhxl9cuJlBaWt01FRURERKRdmfzU
MGKmdLP9u6VCgAJAMzK7u3Lt/PGE9w2ue0ET9BgfiXdHT5b9Zh3lJRWtU0ERERERaZfOb/xb/7sl
QoAGATejyx8dUn/jv5pO/YKZ+MiQFqyRiIiIiLR35zf+rWKmdLN1CWpOCgDNJHJgKL0mdm10ud6T
uhI5MLQFaiQiIiIi7V1tjX+rlggBCgDn8Qxwt/tfQ/WbFm2bJaExTC4m+l51SaPLiYiIiMiFrb7G
v1VzhwCNAajGM8CdO5ddY/fawglLG1S2KVMIhsc0vNuQiIiIiFz4Gtr4t2rOMQG6A9BMvAIbfreg
OcuKiIiIyIXFUeO/vKQCLNVesFBjopjmuhOgANBsGt/9pzmKioiIiMiFo7bG/+r531NZ8dMDMisr
Klkz//sWCQEKAM2k6EyJ82XznC8rIiIiIheGWhv/f0rkxzUZNZZPXZPRIiFAAaCZZO3LbZOyIiIi
ItL+1db4//alRH7875Fay7VECDDsIGBHM/x08Ky5O2qbCej8q/Z7Vh6i5/jIRs8EZKm0sCc+vVFl
REREROTC4ajxX1ZczrcvJXJg/dF6y6f+7+7A5Y8Nxezuanvd2YHBhgwAjmb7qU1ty50/O1DGD5kc
2HCUnpd1aVRd9q8/SsYPmY0qIyIiIiIXBoeN/6JyvnkxkYMb62/8WzVnCFAXoGa0Zv73jerOk7Uv
l7WvfN+CNRIREbE35p44el/e+AdXNlbU8E5MeHhwi29HpD2rvfG/tVGNf6vm6g5kyDsALaW0sJxl
v1nHpMeH0WNcZO2z+1jgwIajrH45kdLC8lato4iIGNeEhwfTf0Z3W+Mh1cGgw+bQbXgnrnxmBG7e
HTB7uDbLvOUiF5raGv9fP7+VtIRjTq+3Oe4EKAA0s9LCclb+fhNRwzvR76pLCOsThNf/xhEU5pWQ
tS+X3SsPcXjriTauqYiIGMmkx4fSd2rVk+fN7q5c/thQoPlDwCWjIrhi7nDcvDoAzfvwIpELhaPG
f2lhOd88v4W0TcebvP6mhgBDBoCivBKHT/htypOAz3d46wk18kVEpN0wudrflm6JEBA9KoIpc0fg
5mXI5oVIrUoLy/j6+a0caobGv1VtIYDKWgpUozNURETEAKxXBKtflWzOENB9TGemPD28xox6e79J
19V/MZzq51tpQRmrnttCegtcGD4/BOxafpD//mVbveUUAERERAyipUJA97GdmfKUGv8i1X37YiLl
xRWkbTreor1CrOdtSM9Avnt9R4PKKACIiIgYSHOHgO5jI5ny1DA1/kUcaMjV+OaQuiajUeeuAkAz
CuziyyUjIwiO9sevkzc+IV64eZoxe1T1yyovrqC0qJxz2YWcPVFATtoZDm0+zukj+W1ccxERMZLm
CgE9L+vCpCeG0sFDjX+RC4kCQBNFDAihz+QoIgeFEhDhU/vUn0AHDzOeAe74d/Km84AQAMbcHUfe
8XMcTcpi37eHOb7rVCvVXEREjKypIaDnZV2Y/OQw+8GHqPEvciFQAKimttmBzufq5krcz3oQc0U3
grv5N22jJgjo7ENAZx9ip3cnJ/0Me79OZ8fnB6gorai/vIiIiJOcDQG9JnZl0uND1fgXuUApADRS
97GRjLl7AP4RPi2y/uBu/oz5VRz9p3fnu9d3OvWUOJELlef/npnRFixttmWRtlVfCDhfr8u7Mun8
aQdR41/kQqIA0AhDZ8cw4rZYTC519PNpJv4RPkx9diRb30vh+w/2tvj2RNqao4emtKbyYt1xE+Oq
KwS4uLrYXnNxdVHjX+Qi4FL/IgJVtztbq/Fv5eJqYsRtsfSa0KXVtinSFtq68Q+QuSenTbcv0ta+
fTGRvd+k271mdne1H9tmQo1/kYuAAkADDZ7Vu1Ub/1YmFxOX/rxPq29XpLW0h8Z/SX4pm99JadM6
iLQHjkJAXdT4F7kwqQtQA7iYXQiODmiz7XeMDsDF7EJleQOe7SxyAWnrxn95SQVZ+3JJ+MdOTqbm
tlk9RNoTR92BHFHjX+TCpQDQAO4+HXBxbf2r/1YuribcfTpQlFfSZnUQaW4uZhe7Bsbur9JY88oP
bVchEbGpLwSo8S9yYVMXIBFpc2r8i7Q/tXUHUuNf5MKnACAibUqNf5H26/wQoMa/yMVBXYBEpM2o
8S/S/lVv8KvxL3JxUABogKK8Et687os2r4PIxUSNf5ELhxr+Iq3jrf9bbpt10lLZco+oVABoIDXA
RZqPGv8iIiI1FZ8tbZXtaAyAiLQqNf5FRETalu4AiEirSfkyjXWvJbV1NURERAxNdwBEpNWo8S8i
ItL2FABERERERAxEAUBERERExEAUAEREREREDEQBQERERETEQBQAREREREQMRAFARERERMRAFABE
RERERAxEAUBERERExEAUAEREREREDEQBQERERETEQBQAREREREQMRAFARERERMRAFABERERERAxE
AUBERERExEAUAEREREREDEQBQERERETEQBQAREREREQMRAFARERERMRAFABERERERAxEAUBERERE
xEAUAEREREREDEQBQERERETEQBQAREREREQMRAFARERERMRAFABERERERAxEAUBERERExEAUAERE
REREDEQBQERERETEQBQAREREREQMRAFARERERMRAFABERERERAxEAUBERERExEAUAEREREREDEQB
QERERETEQBQAREREREQMRAFARERERMRAFABERERERAxEAUBERERExEAUAEREREREDEQBQERERETE
QBQAREREREQMRAFARERERMRAFABERERERAxEAUBERERExEAUAEREREREDEQBQERERETEQBQARERE
REQMRAFARERERMRAFABERERERAxEAUBERERExEAUAEREREREDEQBQERERETEQBQAREREREQMRAFA
RERERMRAFABERERERAxEAUBERERExEDMbV0BI4mdFk1YnyCK8krY9Nautq6OiIiIiBiQYQPAoJm9
COziy7lTRSS+v6dVthk5MJRel3flzPFzNQLA5KeG4Rvqxea3dnFid06r1EdEREREjMewXYCiR3cm
dnp3ek3s2tZVoculYcRM6UbkwFBiZ3Rv6+qIiIiIyEXMsAGgPck+cJrs/acpPF3M4cTMtq6OiIiI
iFzEDNsFqD0pPlvKR3d929bVEBERERED0B0AERERERED0R2A80QOCmXMPXEAfP7wOi4ZGcGAa7oT
1M0fs7srBaeKOLT5OAn/2El5SUWN8l6BHoy4PZaoYeF4BbhTVlLBqQN5bP/0x1q36ermysy/TgRg
x6f72ftNeo33h/4ihktGReAX7o3Z3ZXisyVk7skl6eN9tQ4a9gv3ZshNfYgcFIp3R09cXEwU5pVw
IuUU2z7aR/aBvFo/+zfPbyXuup5Ej4nAw8+d7z/Y02qDpUVERESk5SgAnMfdpwOhPQMBGHvvQPpN
vQRMP73v18mbuJ/1JPgSfz5/ZJ1dWf8IH655eRwBnX1sr7m6uRI5KJSIASGczSxwuE1Xs8m2Ta9g
D7v3PAPcueblcbb3ASorLHgHe9J9bGeihoXz379sY+/X6XblIgaEcNWzI/EKqlpfRXklJsA31Avf
iV3pNiKCr5/fwqFNxx1+9kmPDyW8b7DtPTfPDnXsNRERERG5UCgA1KHfVZeQ8UMW2z7aR1ZqLmG9
gxh5RyzhfYOJHBRK97GdObjxmG35yx8dQkBnHyorLOxctp9dyw9SmFdC1NBwht4cQ3A3/0bXYeIj
gwntGUhFWSVJH6eSsuKndY6+awCBXX0Z/8ClZO3LJffwWQDM7q5MeWoYXkEe5J8sJOEfOzmw/igm
FxO9JnRhzD1xePq7M/aeOLsAUF1432Cy9uWSlnCMkvwycjPOOrcTRURERKRdUQCow6HNx1nx9He2
fx9JyiI/q4BfvHslrh1ciBwUZgsAXYeEEzkoFICUFQfZ8LdkW7kf12ZwJCmLG/8+Cb9w7wZvv1Ns
R7qPiQSo0QUnLeEYpzPOcsPfLsfd140B1/Vg3atJAHQfG2nbzvrXkkir1sjf+3U6XkEejL5rAAGR
voT1CSJrX26NbadvPcHyJzc2uK4iIiIicmFQAKjD9k9q9tvPO3aOgpwi/MK98Qp0t73eY3xVQ72i
rNJhuaK8EjJ35zQqAPSZHAUmKDpTwrZ/p9Z4//SRfI4mnyR6dGc6RgfYXk/feoIPbl0FYLsrUF31
MQN+4d4OA8D2pbWPWRARERGRC5cCQB0sFRaHr5cVlQPg2uGnSZSCovwAyEk/w5nj55pl+x27V3UZ
ykk7Q0VpzQHHAF/9blON10rySynJL7X9O7xvMMHd/Ojg1QEXFxPuvm6291xcTTXKA1SWVzal6iIi
IiLSTikANBN3n6pBsoW5xc22Tg/fqjsMhacbv05XN1dG3NqPPlOi8A72bLY6iYiIiMiFTQGgmZhc
qq6kV5Q135Vz0/9uMFgc34io0/Tnx9B1SBiWSgsndp/iZOppCnOLqSirxN3XjaGzY5qtniIiIiJy
4VAAaCalhWUAduMCmr7Oqq5G1rsLDRU7LZquQ8LAAv99NYmUFQft3g/tHaQAICIiImJQehJwM8k7
WtXvPyDSF7O7a/Os80g+AIFdfGtdJmp4Jwb/vA8xU7rZXuscFwJA/snCGo1/ERERETE2BYBmcjgx
EwBPf3f6XR3tcJmAOhryjqRtrpq+0z/Ch+5jOztcZuQdsYy+awDd/zcLEVT1/6/6f8dfb9TQsEbV
Q0REREQuHgoAzSR19WFy0s8AMOyWvnQb3sn2nk9HT676wyhCewXWVtyhH9dkcOpgHgDjH7iUyIGh
tvfcvDsw6fGhVU/utcDeVYds72XvPw2AV6AHEx4ebAsEHn5ujLk7juG3xtqW7eClJ/yKiIiIGInG
ADSj9Qu3M23eGDz93Znx4ljOZBZQUVqBX7g3ZndXCk8X4xXo0ah1rnstienPj8GnoyfXvjKevKP5
lBWV49/ZBw9fN7BA0tJUuycS71h2gJgrLiEg0of+M7rTe1IUJfmleAa4V9UjtxivoKp6eAc3rj4i
IiIicmHTHYBmdHT7SVY+m8CptDwwgX8nb4Ki/KgoqyTp36mkrEhr9DqP7zrFF09u5GjySaDqeQNh
fYLw8HUj79g51v75B757fYddmdKCMlY8vZEj27KwVFpw8zz/fe8AACAASURBVDLjG+aFydXEoc3H
+fTB/1KUVwJAeExw0z+4iIiIiFwwTH/s9Y4Tk0y2Hv+Ihj85tz0J7RVIQGcfivPLOLYzu9YHeTWG
T4gnIT0C6eBpJu/YOU6m1nyC7/n8OnkT2isQS4WFkz+eJv9kYZPrIe3HmeMFzbq+C/V8E2kNOt9E
Wo/Ot5alLkAt5OSPpzn54+lmXee57CLOZRc1qszZEwWcPdG8J5GIiIiIXLjUBUhERERExEAUAERE
REREDEQBQERERETEQBQAREREREQMRAFARERERMRAFABERERERAxEAUBERERExEAUAEREREREDEQP
AhORi1po7yD6T48GYNu/U8k7mt/GNRIREWlbCgDtyOSnhuEb6sXmt3ZxYndOW1dHpEV4B3vQe1IU
nfp1xCvQHYDCvBKy9uaQ8mUaxWdLm3V7/p286Xd1VQDY981hBQC56I2+awDuPh3sXqsot1CSX0pu
+hnSNh2nvKSijWrXfug3V5oialg43cd0bnS58pIKNvwtuQVq1DgKAO1El0vDiJnSDYDYGd31x0gu
SgOu7cHwW/vh6e9e473uYzoz6IbebPxbMvu+PdwGtRO5OPSZEoV3sGet75cWlLH363S2vLebkvzm
DdwXirp+cz383PAK9MBSaeH0EV0wEMdCewUSO717o8uVFpYpAMhPsg+cJnv/abw7enI4MbOtqyPS
7Ib8IoaRt8dicjFReLqYtO+OkZN+FoCgrn70GB+JZ4A7kx4fSkVZJfvXHWnjGotc2PKOnuNEyikA
TC4mPP3dCOkZiFeQB3E/60nngSHE/36zIRu5df3mDri2ByNui8VSaWHR5Z+0UQ2lvTt18Ax7V6XX
eD34Ej9CewdhqbSw75uaF7PKSspboXb1UwBoJ4rPlvLRXd+2dTVEWkTEgBCG39IXk4uJk6m5fPnb
BM6dKrJbJmlpKv/36gR8QjwZc08chxNPUFrYPv5QilyIcg+f4ds/JdZ4fcgvYhh2c186Rgdw5TMj
+OT+tYbrEqTfXGmqQ5uPc2jz8Rqvj713oC0AODr/2gvNAiQiLW7oTX1wdXOltLCMVc9tqdH4Bzhz
/ByJ/9wDgG+oF33+d3teRJrXDx/u5b9/2QYWCOkZyPBb+7V1lUSklRn6DoBfuDdDbupD5KBQvDt6
4uJiojCvhBMpp9j20T6yD+TZLR81LJyRc/oD8On9axl0fS96TuiCXycfXFxN5GcVcmD9ETa/kwJA
1yFhDLq+F6G9g3Dz7kBpQRlZ+3JJ/OceMvfY9/F3dXNl5l8nArDj0/3s/Sbd7n3vYA9G3N6frkPC
8Apwp6ykglMH8tj+yY+4+3Zg4PW9KMguYsXc7xx+1gHX9KD3pK4ERvnRwcNMyblSsg/kseuLg6Ql
HKt1H0UMCOHSG3sT1jsQDz93KssryT9ZSPqWEyT+cw+lBWWN2udiPJ4B7kQODgPg4IZj5B07V+uy
e79OZ8zdcbh5mYkcFMrO/xyosYyzx7LV0F/E0HNiF/w7+YAJ8rMK+XFtBonv76mxbOSgUMbcEwfA
N89vJe66nkSPicDDz53vP9hjK9PYvyUNXa9IS9n7dTq9JnYlalg4fa+8hM1vp1BZXlljuT5Tooi9
Otp2vhWdKeHE7hy+/+cecg6dsVu265AwRt01gMqySj598L8MuakPPcd3wa+TNwBnswr4cU0G33+w
t866tcbvlaPf3OsWjMfd1w1Pv6oxSiaTiVn/mAzA4a2ZbH57l932dN5LUzTmeGjKsfb5w+u4ZGQE
A67pTlA3f8zurhScKjJuAIgYEMJVz47EK8gDgIrySkxUXXn0ndiVbiMi+Pr5LRza9NPtHQ9fN0J7
BgJwzcvj6DwgxG6dgV19GXpzXwK6+HJ81ynG3BOHq/mnmyyeAe50G9GJiP4d+eKJDXaDjlzNJtu6
vYI97NYb0NmHa+aPx/9/f0Sh6o9X5KBQIgaEkLU3h9CegZz1davxOV3dXJn67EiiR0XYXqsor8Qr
0IOooeFEDQln+6c/snFxzQEpMVd0Y+Ijg3F1cwWgssJCB08zQVF+BEX5ETU0nP88vp6CnOK6d7YY
WtfBYbbzIH3riTqXrSitYOt7KfiEeHE2s8DuvaYcy1Zj7okjrE+Q3WtBUX6MuC2WsD5BrHjaPkC7
+3SwnZeTHh9KeN9g23tunlWzrDjzt6Qh6xVpaT+uySBqWDieAe50HRxmd366mF2Y9NhQ+kyJqnrB
ApUVlVXHdagXUUPD+ep3CRzdftJWxt3np9/Ia18eR+SgULvtBXfzZ+Qd/QntFcRXv0uoUZ/W/L1y
9JvbsXuA/QQFJmzL5GXYj5PQeS9N1dDjoanH2th7B9Jv6iVg+mnbfp28jRkAzO6uTHlqGF5BHuSf
LCThHzs5sP4oJhcTvSZ0Ycw9cXj6uzP2nji7HVpdp77BJC1NZc/KQxSeLiZyUCgjboslKMqPnuO7
ED2mMwWnitjybgoZ32fh4edGzJXdGHR9L9y8OzD05r4sf3Jjg+o74eHB+HfyprLCws5l+9m1/CBF
Z0roOiScYbf0pVNsx1rLjr9/ENGjIrBUWti14iDbl/7ImePnCO0dxPBb+nLJqAgGzexFflYByZ/t
t5XzCvRg3K8H4urmSk7aGTb8LZljO7PxDvJg0A29GfizngRH+zPmnoF8PW9L474AMZSALr62/z7/
zpcj2z/50eHrzh7L1YX1CeLAhqMkf/ojpw7m0bFHIENv6kPU8E5cMjKCITf14Yd/7XNYNrxvMFn7
cklLOEZJfhm5GWeb5W+Jo/WKtIaMbZlgAUxVx2H1ADD6rgH0mRJFZYWFHZ/vZ/vSVM6dKuKSkRGM
u28g/hE+THhoMB/e8bXDOwed40JI+TKNXcsPcuZYPhH9QxhxWz9CewfRfWxnBl7fi+RP7c/1tv69
+vju1ZhcTMROi2bwz/tgqbTw/s3xQNXMLVY676W51XY8NMex1u+qS8j4IYttH+0jKzWXsN5BjLwj
1pgBoPvYSPzCq66mr38tibRqO23v1+l4BXkw+q4BBET6EtYniKx9uTXWse2jfbauPgAH1h/lzLFz
3Pj6ZFxcTVgqLMT/YbOtbOHpYhLe2IlvmDe9JnSpcRWyNpEDQ+nyv+4TKV8etJs66se1GRzdfpIb
Fl9u+zzVhfQIoO/USwDYE3+Ida8m2d47mZrLirnfcf3CiUT078jQm/uyZ1W67RbpJSM74f6/Owrr
F23naHLVVZ78k4Vs+Ot2fEM96T42kqih4Q36HGJc7t5VVzIslRbyTxY6tY6mHMvV/bg2g1XP/dQA
OL4zmxV7cvj5PyYTfIk/sdO61xoA0reeqBHae0+KavLfEkfrFWkNBTnFlBWX08HTjIf/T3eQg6L8
iLuuBwC7v0qzu+J+aPNxKsoquPbl8QR29aXP5Cj2xB+qse6kpakkvLHT9u/0rSc4+eNpfv7mZLyD
Pek/o7tdAGgPv1fWu45lxT9NPnDmeM0ui83RhtB5L9XVdjw0x7F2aPNxu7vbR5KyyM8qMOYg4PSt
J/jg1lV8cOsqu51pVb1rjqOGtXUd58s+kEdhbtXtxcy9OQ6/iJyDVf20PP3cbbcq69J9XCRQdcsn
2cGV0cLTxRzfecph2b5XRePi+v/t3XtsW9dhx/Ef9X5YEmVJtvyIRTm1XdtJTHV2EydOTDVBmy1t
oG1o1q0ZrKzD2j+ymka7Ymi3WO0QtOuKSgW6AQOK2kGbYUu7yoHXtWsbi27SOE2cWE7cNPKLlB1b
iSVblPV+kNwfFCnKoizJIi9Jne8HOEAiivdeJefce3/3nodNgbHArDc1J57rCB9PWb42R171Kjxl
XERu0cyc+Nqz78jznTd07PtvzfgMiJU12f0nFAzd8jYWU5djnTp8fsbPghNBnT5yQVL4tehsb9RO
PDez/SXiXBJvu4BVJsbCs//kFk6d5zc/7FBWTpYmRgN6+Xszz/EXjr+vHm/4Wlbz4fg31b5jM6+R
Q70jOn0kPL1v+W0lqprsoiBl1vWKdo9Em60+JKSuxbl39F8aMPMNwGj/2LTFT6q3VKjCUarcolxl
ZdmiTxIkKSvbFm8Tswq/JizUsH807ueB8clXpTYpryhHw2M3n3pteU24+0Rv5/WbDp6MZ8VGu6Rw
MIn3FEOSzr10ScP+URXa87Vyc4XUGh506XulS2OD48orztVDf7dDp/7nvM54LqpnMsBc6bimKx0z
Aw5wo9Ct3/dHLaYuTzuWWUKI75Uu7fzMnZP7Ko/OnR4rXjeHRJxL4m0XsErW5M1zKDDVNlZuCr+h
7rs8oOXrSuJ+b7B7WJXr7bKvWbag/XmPXVbdJzdO7qdc3Wd6JWXW9Yp2j0SbrT4koq7Ftu1YRgYA
KTzY6J7GrXOumJhqkf+5g9cWPtC2YHImg3hTLsYavDqsQnu+isqnBj8N9AzrhW8d1wNPOlVcUagd
j2/Wjsc3q//KkLpO9ajjhQuz9jcDYk1MLnqSlZOlnPzsW5pvfDF1eT6uXehXKBiaXCxpYd/NlHMJ
EE/kyf/owFSXuUh3oIraMn3yuw/e/PtFCxu8GjtzUGxby7TrFe0eVklWXTM2AHzi6V1at32lQsGQ
un7XoysdvRq6NqLAeFD5JXna8fjmVB+ipKmnM8HxhT8tsM3zu5G3Ejbb9PR4xnNR3mOX5fzTDVq3
o1orNy2Pjjrf+JF1uvRmt375jVd1vWsw3mYBSZr2NqzqA/Zpryzna7F1eS6BsYCCwZCys2yyLfCt
X6acS4Abra1bEe2iFzvrVk7+ZCjoH9NwX/y32RED3Te/Yb/R+PBENGzHtrVMu17R7mGVZNU1IwPA
HR9fr3XbV0ohqa3lDZ06fG7a5ys2LU+bxhtZCbVwgU80w98NP9G5cVrRG0US5WicQZMTo+H+mMf/
4x3l5Ger5sPV2uC6TRtct2nNXVX62Ffu1o+ePLLgY4M5Ymf+WbOtas4A8Ni/PqjSVcXqOtWjnz71
sqTE1OWbKb+tJDpV6djA/L+bSecS4Ea371oT/oeQ1Pnqe9Gfjw+Hrztdb19N+EDVitqy6M1+7FuH
TLpe0e5hlWTWNSMHAa/ZFp6/v//K0Iz/mOmmb7Lff/naEuXFGdx0M72d4WmkKiYXfoin6gN2FU+e
cCP9JSWpdudqbXpwnVbHrHUwMRrQuRcv6ef/9Ep0MOWqLZUqW72wPqAwy+W3eqKz/9Teu+amv7u8
plTVmytUVF6ggZ6pbm+LqcvzETknSFLPDYsbzed7mXAuAWKVVhdr44PrJEmX3+qW/92pee4jffAr
b7cnfL+r75waZH/1/FRby6TrFe0eVklmXTMyAERm38nOi//n1+xYaeXh3FTna+GnMvkledr6yPq4
v1M+yyCts0fflRRegGzbH2+I+zt1j22SLcumwHhQZ9ouRn++/dMf1Mf+4R65Pl8X93vdkZOvTcor
ZgET3FzHLzslSau2VmjzRx2z/t7djVslW3gRn45fdUZ/vpi6HGvdLNMAbnooPKPIcN/otIWN5pJJ
5xIgotCer4f/8R4VloVXy71x1h3fK+EZfJZVFkYH7MbbxmzXJGn2GUkibW3o2oguxwy2T6frVWTi
ApvNFu0iFYt2D6sks64ZGQAisw4UlReoft/UyoEFpXna9blturvxjujvLnSAU6KdPnJB1yafjGz/
9GY57l4V/ay4okAPP7Vz1jUFzr10SZff7JYk7Xh8s26/f+20zz/0Z5u08SPhJ0Adv+pU78WpJ0CR
AVOV6+3a9dlt057IlFYX645HwvM1D/WOzFgOHrjRqz94W1d94Xqye2+dtv3JhmkX1ryiHN332bv0
gclpb8+0XZjWdWgxdXna731qk/7gzz8Y/fesnCzd+9d3Rp+ynD5yUYE5ZuaKlUnnEpitoDRPq+6o
1M6/ukN/8b2PhlcdDUmv/fD3M6a1fvtn3mjdvueJO6Lz80dUbShXwzcf0INf3D5r94P7PneXaneu
nvazB56s04qN4ak/O164MG3mk3S6XkXXELEp7toBtHtYJZl1zcgxACdbz2rzx2plX7tMdz56uzY9
VKPR/jEV2vOVk5+toWsj0SWXi+foj2iFX3+3XY987V4VluXr0a/fr773BhUYC6hkZZFyC3Ki05/F
88K3juvRf35AZauK9chX71Xvu/0auT6qZVXh5dylcB/t2AXGJOmN505r3fZqra1boQ99apO2PFKr
vksDysq2qXxdqXLysxUKhvTaD95mOjPMaWI0oJ81HdPHn94l+5pl2v23dbq7casGu4dly7aptLo4
etHuOtWjtubXZ2zjVutyrIHuYd33N3fpQ49tirbzQnt4fM21zut65cCpWb8bT6adS2CW9fet0efb
Hov72djguI59/5RO/iT+qtm/+uZr+vjTu1SyokgPfWmHdvzlFg12DylvWa6W15QpK9sm/7v96njh
Qtzv5xbm6BNP71LvxX6N9I+ptLo42gauevv022d+N+M76XK9uvj6+woGQsrKtumPmnaGZxN6+6p+
+fVXJdHuYZ1k1jUj3wCMDY7r8Jdf1MXX31coGFJeUY5KVhbJlm2T99hl/XhvW3TmkurNFSk+WunC
8ff0v00vh59c2KSyVcVaXlOqUCCkN/6rQ+d/M/v0Zr0X+9X6BY9Ot13U+OiEym8r0aqtlSpZUaTR
/jG9eeisDn3p1zNWTQ1OBPX837+ok61nNdI/poKSPK384HJVbShXTn62rvr69Iuvv6qTceZaB+K5
1nldP3ryBZ06fE7DfaMqKMlTxfoyLa8JX6D7rwzp+LO/10++cDQ6+D3WrdbliGAgpENfPCrfK13K
X5arivVlKrTnKxgIqfPV93T4yy9Nm295PjLtXAJzBSeCGu4b1fvvXNMb/9mhHzb+fNabfyk8H/9P
9nl0xnNR4yMTKltVrNV3ValyvV2BsYDe+UWnfvz5tlln1Wn79ut69+QV2dcu06qtFSquKFAwEJLv
t106/JWX4rbTdLleRR4GjA9PKDsvW/a1JcpfNjXfOu0eVklmXbN9beP3E7BMT/KUrY7fjzBRSlcV
a8XGcoUCIV053RsdrJiuVmxaLvvqYo0OjOvSm92aGA2o4V8e0Lrt1bp6vk/Pfub/Zv1uXnGuVm2p
UH5JXngF4bd65v30fvVdVVpWWajAeFBXvX3TBowhdfouJ3YK1mS3t1ir76yM1in/pYEFdSVbTF2W
pJIVReGuCDabes7NvvDQQmTauQQLl8ntbTHyinJUvaVSBSW5Grg6op5z/rg38Btct+kP9++UJP33
3jZderNbpdXFqtowtcjXfKfhTIfrVVF5gaq3VGhsaFzdZ/1xHxDQ7pPH1PY2m0TXNSO7AMW63jWY
9vPY5+Rna3lNqa6c7p2xomFeUY4qasskac6VgscGx6ODihcq0jcTSJTLb81cbXe+FlOXpfCMCom+
UGfCuQS4FWNDE7pw/Nba2/X3BqetMTDvfabB9Wqod0Tnf3Pppr9Du4dVEl3XjOwClGkefmqnHv3G
/br9/ulTKOYV5egjX9genRf5jCf+zCcAAABAhPFvANJdVk6WsnOyVFReoEe+ep+6z/aq92K/8opz
VXm7Xcsqwzf/Z3/9rk4fiT8YCwAAAIggAKS54ERQP33qN9r5mTu15WGHqjaUq2pDefTz8eEJ/e6n
5/XSv7+ZwqMEAABApiAAZICJ0YBe/Ld2vfy9t+S4u1rLHWXKzslSX9eAOn/7noZ6R+beCAAASfR+
xzUd+XZ4Cl//JSaKANIZASCDBMbCS5ufe/Hmg5IAALDa9a5BnTp8LtWHAWAeGAQMAAAAGIQAAAAA
ABiEAAAAAAAYhAAAAAAAGIQAAAAAABiEAAAAAAAYhAAAAAAAGIQAAAAAABiEAAAAAAAYhAAAAAAA
GIQAAAAAABiEAAAAAAAYhAAAAAAAGIQAAAAAABiEAAAAAAAYJP0DQCjVBwCkqWS0DdobEB/tDbAO
7S3p0j4ABCaCqT4EIC0lo23Q3oD4aG+AdWhvyZf2AWB8eCLVhwCkpWS0DdobEB/tDbAO7S350j4A
jA6MKzBOagNiBcaDGh0YT/h2aW/ATLQ3wDq0N2ukfQCQpKHeEf6nAZMC40EN9Y4kbfu0N2AK7Q2w
Du3NOjmpPoD5CE6ENNA9rPxlucotzFF2TpZkS/VRARYKhfsvjg9PJOXJSCzaG4xHewOsQ3tLiYwI
ABGjA+NJrxwAwmhvgHVob4B1aG8Z0gUIAAAAQGIQAAAAAACDEAAAAAAAgxAAAAAAAIMQAAAAAACD
EAAAAAAAgxAAAAAAAIMQAAAAAACDEAAAAAAAgxAAAAAAAIMQAAAAAACDEAAAAAAAgxAAAAAAAIMQ
AAAAAACDEAAAAAAAgxAAAAAAAIMQAAAAAACDEAAAAAAAgxAAAAAAAIMQAAAAAACDEAAAAAAAgxAA
AAAAAIMQAAAAAACDEAAAAAAAgxAAAAAAAIMQAAAAAACDEAAAAAAAgxAAAAAAAIMQAAAAAACDEAAA
AAAAgxAAAAAAAIMQAAAAAACDEAAAAAAAgxAAAAAAAIMQAAAAAACDEAAAAAAAgxAAAAAAAIMQAAAA
AACDEAAAAAAAgxAAAAAAAIMQAAAAAACDEAAAAAAAgxAAAAAAAIMQAAAAAACDEAAAAAAAgxAAAAAA
AIMQAAAAAACDEAAAAAAAgxAAAAAAAIPYJIVSfRAAAAAArMEbAAAAAMAgBAAAAADAIAQAAAAAwCAE
AAAAAMAgBAAAAADAIAQAAAAAwCAEAAAAAMAgBAAAAADAIAQAAAAAwCAEAAAAAMAgBAAAAADAIAQA
AAAAwCAEAAAAAMAgBAAAAADAIAQAAAAAwCAEAAAAAMAgBAAAAADAIAQAAAAAwCAEAAAAAMAgBAAA
AADAIAQAAAAAwCAEAAAAAMAgBAAAAADAIAQAAAAAwCAEAAAAAMAgBAAAAADAIAQAAAAAwCAEAAAA
AMAgBAAAAADAIAQAAAAAwCAEAAAAAMAgBABkBLvdrv3796u3t1der1dOpzPVhwQAAJCRCABIe3v2
7JHX61VTU5PsdrscDodaW1tTfVgAAAO53W55vV6FQqGkFq/Xq71796b6z8USZZMUSvVBAPE4nU41
NzfL5XLF/dxms1l7QEAGczqd2rNnj5xOp+x2e/QtWnt7u/x+vzwej55//nm1t7en+EiB9OV2u9Xc
3GzpPvft26eWlhZL9wkzhCiUdCp2uz104MCB0FxSfZwUSiaUxsbGkNfrnbM9RXi93tCePXtSftwU
SjoWn88377aUKF6vN+V/N2VJlpQfAIUSLXv37g319vbO66SY6mOlUNK5OByOUFtb2y3fdLS1tYUc
DkfK/w4KJZ1KqqT676YsvUIXIKQFl8ulAwcOyOFwzPs7dAEC4nO5XGptbZXdbl/Udvx+v+rr6+kW
BEwK34tbj+sdEo0AgJRyOBxqbm5WQ0PDgr/LCRGYyeVyqa2tLaHbrKurIwQAIgBg6SAAICXsdrv2
7t0rt9t9y08pOSEC0zkcDp04cWLRT/5v5Pf7VVdXJ5/Pl9DtApmGAIClggAAyzU0NKi5uXlB3X3i
4YQITOfxeLR79+6kbbu+vj4p2wYyBQEASwXrAMAyDodDbW1tam1tXfTNP4DpGhsbk3bzL4W7Ft1K
Vz0AQPrhDQCSLrKKr9vtTuh2eSICTPH5fKqpqUn6Pmpra5O6DyCd8QYASwVvAJBUkVV8E33zD2CK
0+lM+s2/FH6LF1lADACQuQgASAqXy6UTJ07o4MGDCR+QCGC6xsZGy/ZFNyAAyHw5qT4ALC12u13N
zc2W3pAAprPyqbzL5bJsXwCA5OANABKmsbFRXq+Xm3/AYla+ZSsrK7NsXwCA5GAQMBLG6/VaOrsP
g6KAMKsHJtL2YCoGAWOp4A0AEoYTFAAAQPojACBhGhoa1NfXl+rDAIxz8uTJJbkvAEByEACQMO3t
7XI4HHrmmWdSfSiAUfx+/5LcFwAgOQgASCi/36/GxkbV19fr6NGjqT4cwAjt7e2W7cvj8Vi2LwBA
chAAkBQej0cul0tPPPEE3YKAJDt48KBl+zp06JBl+wIAJAezACHp7Ha73G639u/fn9DtMugYmOLz
+ZK+GnBnZ6elM30B6YZZgLBU8AYASef3+9XU1KTa2lq6BQFJ0tTUlPR9uN3upO8DAJB8vAGA5Vwu
lw4ePLjop5U8EQGm83g82r17d1K2ffToUVYBhvF4A4ClggCAlGlqapLb7b7llUU5IQLTORwOtbe3
J3y13r6+PjmdTvl8voRuF8g0BAAsFXQBQso0NTXJ6XQybSiQID6fTw0NDQnfrsvl4uYfAJYQAgBS
yufzRacNZYEhYPE8Ho/q6+sTMvtWX1+f6urqLJ1mFACQfAQApAWPxyOn06l9+/YxbSiwSJH2tJhB
90ePHpXT6eTmHwCWqBCFkk7FbreHWlpaQnNJ9XFSKJlQGhsbQz6fb872FOHz+UINDQ0pP24KJR3L
QtpSovh8vpT/3ZSlVxgEjLTldDrV0tIy66wmDIoC5s/pdKqhoUEul0t2u13btm2TJJ08eVJ+v18e
j0eHDh3iiT9wE263W83NzZbuc9++fWppabF0nzBDylMIhXKzEu8JJk9EKBQKhZKK4na7LXkT4PP5
Qm63O+V/L2VpFt4AICNEVhN2u93y+/1qaGjgSSUAAMAtIAAAAAAABmEWIAAAAMAgBAAAAADAIAQA
AAAAwCAEAAAAAMAgBAAAAADAIAQAAAAAwCAEAAAAAMAgBAAAAADAIAQAAAAAwCAEAAAAAMAgBAAA
AADAIAQAAAAAwCAEAAAAAMAgBAAAAADAIAQAAAAAwCAEAAAAAMAgBAAAAADAIAQAAAAAwCAEAAAA
AMAgBAAAAADAIAQAAAAAwCAEAAAAAMAgBAAAAADAIAQAAAAAwCAEAAAAAMAgBAAAAADAIAQAAAAA
wCAEAAAAAMAgBAAAAADAIAQAAAAAwCAEAAAAAMAgj5q+egAAAAZJREFU/w9rUv6ubizt3QAAAABJ
RU5ErkJggg==
" width="800px"&gt;</msg>
<status status="PASS" starttime="20230915 18:00:42.475" endtime="20230915 18:00:42.660"/>
</kw>
<kw name="Close Application" library="AppiumLibrary">
<doc>Closes the current application and also close webdriver session.</doc>
<status status="PASS" starttime="20230915 18:00:42.661" endtime="20230915 18:00:42.998"/>
</kw>
<status status="PASS" starttime="20230915 18:00:24.887" endtime="20230915 18:00:42.999"/>
</test>
<status status="PASS" starttime="20230915 18:00:24.738" endtime="20230915 18:00:43.000"/>
</suite>
<status status="PASS" starttime="20230915 18:00:24.717" endtime="20230915 18:00:43.002"/>
</suite>
<statistics>
<total>
<stat pass="1" fail="0" skip="0">All Tests</stat>
</total>
<tag>
</tag>
<suite>
<stat pass="1" fail="0" skip="0" id="s1" name="Nuclone-Appium-Robot-Master">Nuclone-Appium-Robot-Master</stat>
<stat pass="1" fail="0" skip="0" id="s1-s1" name="Balance">Nuclone-Appium-Robot-Master.Balance</stat>
</suite>
</statistics>
<errors>
</errors>
</robot>
